Building DAG of jobs...
Using shell: /usr/bin/bash
Provided cluster nodes: 12
Unlimited resources: mem_mb
Job counts:
	count	jobs
	37	checkm
	1	final
	38

[Tue Aug 20 23:13:08 2019]
Job 136: ---checkm

Submitted job 136 with external jobid 'Your job 441305 ("checkm_B320-5") has been submitted'.

[Tue Aug 20 23:13:08 2019]
Job 149: ---checkm

Submitted job 149 with external jobid 'Your job 441306 ("checkm_B320-2") has been submitted'.

[Tue Aug 20 23:13:08 2019]
Job 163: ---checkm

Submitted job 163 with external jobid 'Your job 441307 ("checkm_US8-4") has been submitted'.

[Tue Aug 20 23:13:08 2019]
Job 160: ---checkm

Submitted job 160 with external jobid 'Your job 441308 ("checkm_US8-1") has been submitted'.

[Tue Aug 20 23:13:08 2019]
Job 133: ---checkm

Submitted job 133 with external jobid 'Your job 441309 ("checkm_B316-6") has been submitted'.

[Tue Aug 20 23:13:09 2019]
Job 128: ---checkm

Submitted job 128 with external jobid 'Your job 441310 ("checkm_B316-1") has been submitted'.

[Tue Aug 20 23:13:09 2019]
Job 164: ---checkm

Submitted job 164 with external jobid 'Your job 441311 ("checkm_US8-5") has been submitted'.

[Tue Aug 20 23:13:09 2019]
Job 144: ---checkm

Submitted job 144 with external jobid 'Your job 441312 ("checkm_B357-4") has been submitted'.

[Tue Aug 20 23:13:09 2019]
Job 125: ---checkm

Submitted job 125 with external jobid 'Your job 441313 ("checkm_B314-2") has been submitted'.

[Tue Aug 20 23:13:09 2019]
Job 162: ---checkm

Submitted job 162 with external jobid 'Your job 441314 ("checkm_US8-3") has been submitted'.

[Tue Aug 20 23:13:09 2019]
Job 143: ---checkm

Submitted job 143 with external jobid 'Your job 441315 ("checkm_B357-3") has been submitted'.

[Tue Aug 20 23:13:09 2019]
Job 138: ---checkm

Submitted job 138 with external jobid 'Your job 441316 ("checkm_B331-3") has been submitted'.
