Building DAG of jobs...
Using shell: /usr/bin/bash
Provided cores: 1
Rules claiming more threads will be scaled down.
Unlimited resources: mem_mb
Job counts:
	count	jobs
	25	checkm
	1	final
	25	get_trans_noeuks_phagerepair
	25	normalize
	25	rscript
	101

[Sun Aug 18 18:58:30 2019]
Job 1: ---trans

[Sun Aug 18 18:58:38 2019]
Error in rule get_trans_noeuks_phagerepair:
    jobid: 1
    output: /workdir/users/agk85/CDC2/logs/finals/B314-1_trans_final, /workdir/users/agk85/CDC2/hicpro/output/B314-1_output/hic_results/data/B314-1/B314-1_trans_primary_0.txt, /workdir/users/agk85/CDC2/hicpro/output/B314-1_output/hic_results/data/B314-1/B314-1_trans_primary_0_noeuks.txt, /workdir/users/agk85/CDC2/hicpro/output/B314-1_output/hic_results/data/B314-1/B314-1_trans_primary_0_ncol.txt, /workdir/users/agk85/CDC2/hicpro/output/B314-1_output/hic_results/data/B314-1/B314-1_trans_primary_0_ncol_withexcise.txt, /workdir/users/agk85/CDC2/hicpro/output/B314-1_output/hic_results/data/B314-1/B314-1_trans_primary_0_ncol_withexcise_noeuks.txt

RuleException:
CalledProcessError in line 45 of /local/workdir/users/agk85/CDC2/scripts/network_scripts/snake_trans_network:
Command 'set -euo pipefail;  python /workdir/users/agk85/CDC2/scripts/convert_hicpro_to_trans.py -i /workdir/users/agk85/CDC2/hicpro/output/B314-1_output/hic_results/data/B314-1/B314-1_allValidPairs -o /workdir/users/agk85/CDC2/hicpro/output/B314-1_output/hic_results/data/B314-1/B314-1_trans_primary_0.txt
		cut -f3,9 /workdir/users/agk85/CDC2/hicpro/output/B314-1_output/hic_results/data/B314-1/B314-1_trans_primary_0.txt | sort | uniq -c | awk '{print $2 "\t" $3 "\t" $1}' > /workdir/users/agk85/CDC2/hicpro/output/B314-1_output/hic_results/data/B314-1/B314-1_trans_primary_0_ncol.txt
		python /workdir/users/agk85/CDC2/scripts/hic_relink_excise.py /workdir/users/agk85/CDC2/combo_table/metagenomes/B314-1_master_scf_table.txt /workdir/users/agk85/CDC2/hicpro/output/B314-1_output/hic_results/data/B314-1/B314-1_trans_primary_0_ncol.txt /workdir/users/agk85/CDC2/hicpro/output/B314-1_output/hic_results/data/B314-1/B314-1_trans_primary_0_ncol_withexcise.txt
		python /workdir/users/agk85/CDC2/scripts/remove_eukaryote_trans.py CDC2 0 B314-1
		touch /workdir/users/agk85/CDC2/logs/finals/B314-1_trans_final' returned non-zero exit status 1.
  File "/local/workdir/users/agk85/CDC2/scripts/network_scripts/snake_trans_network", line 45, in __rule_get_trans_noeuks_phagerepair
  File "/usr/lib64/python3.6/concurrent/futures/thread.py", line 56, in run
Removing output files of failed job get_trans_noeuks_phagerepair since they might be corrupted:
/workdir/users/agk85/CDC2/hicpro/output/B314-1_output/hic_results/data/B314-1/B314-1_trans_primary_0.txt, /workdir/users/agk85/CDC2/hicpro/output/B314-1_output/hic_results/data/B314-1/B314-1_trans_primary_0_ncol.txt
Shutting down, this might take some time.
Exiting because a job execution failed. Look above for error message
Complete log: /local/workdir/users/agk85/CDC2/scripts/network_scripts/.snakemake/log/2019-08-18T185830.086953.snakemake.log
