Building DAG of jobs...
Using shell: /usr/bin/bash
Provided cores: 1
Rules claiming more threads will be scaled down.
Unlimited resources: mem_mb
Job counts:
	count	jobs
	25	checkm
	1	final
	21	normalize
	22	rscript
	69

[Sun Aug 18 19:07:03 2019]
Job 70: ---rscript

[Sun Aug 18 19:08:44 2019]
Finished job 70.
1 of 69 steps (1%) done

[Sun Aug 18 19:08:44 2019]
Job 35: ---normalize

[Sun Aug 18 19:08:46 2019]
Finished job 35.
2 of 69 steps (3%) done

[Sun Aug 18 19:08:46 2019]
Job 60: ---rscript

[Sun Aug 18 19:10:00 2019]
Finished job 60.
3 of 69 steps (4%) done

[Sun Aug 18 19:10:00 2019]
Job 43: ---normalize

[Sun Aug 18 19:10:01 2019]
Finished job 43.
4 of 69 steps (6%) done

[Sun Aug 18 19:10:01 2019]
Job 68: ---rscript

[Sun Aug 18 19:10:36 2019]
Finished job 68.
5 of 69 steps (7%) done

[Sun Aug 18 19:10:36 2019]
Job 50: ---normalize

[Sun Aug 18 19:10:39 2019]
Finished job 50.
6 of 69 steps (9%) done

[Sun Aug 18 19:10:39 2019]
Job 75: ---rscript

[Sun Aug 18 19:11:35 2019]
Finished job 75.
7 of 69 steps (10%) done

[Sun Aug 18 19:11:35 2019]
Job 96: ---checkm

[Sun Aug 18 19:11:43 2019]
Error in rule checkm:
    jobid: 96
    output: /workdir/users/agk85/CDC2/networks/logs/B357-4_final_network_checkm_2_0

RuleException:
CalledProcessError in line 129 of /local/workdir/users/agk85/CDC2/scripts/network_scripts/snake_trans_network:
Command 'set -euo pipefail;  if [ ! -d /workdir/users/agk85/CDC2/networks/clusters/B357-4 ]; then mkdir -p /workdir/users/agk85/CDC2/networks/clusters/B357-4; fi
		python /workdir/users/agk85/CDC2/scripts/network_scripts/split_clusters_hic.py /workdir/users/agk85/CDC2/networks/membership/B357-4_mge_count_membership.txt /workdir/users/agk85/CDC2/prodigal_excise/metagenomes/B357-4/B357-4_scaffold.fasta /workdir/users/agk85/CDC2/networks/clusters/B357-4 B357-4
		set +u; source  /programs/checkm_161011/init; set -u 
		checkm lineage_wf -t 8 -x fasta /workdir/users/agk85/CDC2/networks/clusters/B357-4 /workdir/users/agk85/CDC2/networks/checkms/B357-4
		checkm qa -o 2 /workdir/users/agk85/CDC2/networks/checkms/B357-4/lineage.ms /workdir/users/agk85/CDC2/networks/checkms/B357-4 | grep -v '^-' > /workdir/users/agk85/CDC2/networks/checkms/B357-4/B357-4.qa
		awk -v OFS="	" '$1=$1' /workdir/users/agk85/CDC2/networks/checkms/B357-4/B357-4.qa | grep -v '^Bin' | cut -f1,2,7,8,9,10 > /workdir/users/agk85/CDC2/networks/checkms/B357-4/B357-4.stats;
		sed -i "s/^/B357-4	/" /workdir/users/agk85/CDC2/networks/checkms/B357-4/B357-4.stats;
		touch /workdir/users/agk85/CDC2/networks/logs/B357-4_final_network_checkm_2_0' returned non-zero exit status 1.
  File "/local/workdir/users/agk85/CDC2/scripts/network_scripts/snake_trans_network", line 129, in __rule_checkm
  File "/usr/lib64/python3.6/concurrent/futures/thread.py", line 56, in run
Shutting down, this might take some time.
Exiting because a job execution failed. Look above for error message
Complete log: /local/workdir/users/agk85/CDC2/scripts/network_scripts/.snakemake/log/2019-08-18T190702.646743.snakemake.log
