Building DAG of jobs...
Using shell: /usr/bin/bash
Provided cluster nodes: 12
Unlimited resources: mem_mb
Job counts:
	count	jobs
	41	checkm
	1	final
	42

[Tue Aug 20 15:51:08 2019]
Job 148: ---checkm

Submitted job 148 with external jobid 'Your job 441283 ("checkm_B370-3") has been submitted'.

[Tue Aug 20 15:51:09 2019]
Job 131: ---checkm

Submitted job 131 with external jobid 'Your job 441284 ("checkm_B316-4") has been submitted'.

[Tue Aug 20 15:51:09 2019]
Job 155: ---checkm

Submitted job 155 with external jobid 'Your job 441285 ("checkm_US3-8") has been submitted'.

[Tue Aug 20 15:51:09 2019]
Job 134: ---checkm

Submitted job 134 with external jobid 'Your job 441286 ("checkm_B316-7") has been submitted'.

[Tue Aug 20 15:51:09 2019]
Job 162: ---checkm

Submitted job 162 with external jobid 'Your job 441287 ("checkm_US8-3") has been submitted'.

[Tue Aug 20 15:51:09 2019]
Job 144: ---checkm

Submitted job 144 with external jobid 'Your job 441288 ("checkm_B357-4") has been submitted'.

[Tue Aug 20 15:51:09 2019]
Job 143: ---checkm

Submitted job 143 with external jobid 'Your job 441289 ("checkm_B357-3") has been submitted'.

[Tue Aug 20 15:51:09 2019]
Job 164: ---checkm

Submitted job 164 with external jobid 'Your job 441290 ("checkm_US8-5") has been submitted'.

[Tue Aug 20 15:51:09 2019]
Job 128: ---checkm

Submitted job 128 with external jobid 'Your job 441291 ("checkm_B316-1") has been submitted'.

[Tue Aug 20 15:51:09 2019]
Job 125: ---checkm

Submitted job 125 with external jobid 'Your job 441292 ("checkm_B314-2") has been submitted'.

[Tue Aug 20 15:51:10 2019]
Job 133: ---checkm

Submitted job 133 with external jobid 'Your job 441293 ("checkm_B316-6") has been submitted'.

[Tue Aug 20 15:51:10 2019]
Job 136: ---checkm

Submitted job 136 with external jobid 'Your job 441294 ("checkm_B320-5") has been submitted'.
[Tue Aug 20 20:44:45 2019]
Finished job 131.
1 of 42 steps (2%) done

[Tue Aug 20 20:44:45 2019]
Job 149: ---checkm

Submitted job 149 with external jobid 'Your job 441300 ("checkm_B320-2") has been submitted'.
[Tue Aug 20 20:46:02 2019]
Finished job 148.
2 of 42 steps (5%) done

[Tue Aug 20 20:46:02 2019]
Job 138: ---checkm

Submitted job 138 with external jobid 'Your job 441301 ("checkm_B331-3") has been submitted'.
