Building DAG of jobs...
Using shell: /usr/bin/bash
Provided cores: 1
Rules claiming more threads will be scaled down.
Unlimited resources: mem_mb
Job counts:
	count	jobs
	1	final
	15	normalize
	16	rscript
	32

[Sat Aug 17 16:50:06 2019]
Job 53: ---normalize

[Sat Aug 17 16:50:09 2019]
Finished job 53.
1 of 32 steps (3%) done

[Sat Aug 17 16:50:09 2019]
Job 82: ---rscript

[Sat Aug 17 16:50:47 2019]
Finished job 82.
2 of 32 steps (6%) done

[Sat Aug 17 16:50:47 2019]
Job 44: ---normalize

[Sat Aug 17 16:50:48 2019]
Finished job 44.
3 of 32 steps (9%) done

[Sat Aug 17 16:50:48 2019]
Job 73: ---rscript

[Sat Aug 17 16:51:24 2019]
Finished job 73.
4 of 32 steps (12%) done

[Sat Aug 17 16:51:24 2019]
Job 43: ---normalize

[Sat Aug 17 16:51:25 2019]
Finished job 43.
5 of 32 steps (16%) done

[Sat Aug 17 16:51:25 2019]
Job 72: ---rscript

[Sat Aug 17 16:51:59 2019]
Finished job 72.
6 of 32 steps (19%) done

[Sat Aug 17 16:51:59 2019]
Job 62: ---rscript

[Sat Aug 17 16:52:14 2019]
Finished job 62.
7 of 32 steps (22%) done

[Sat Aug 17 16:52:14 2019]
Job 45: ---normalize

[Sat Aug 17 16:52:15 2019]
Finished job 45.
8 of 32 steps (25%) done

[Sat Aug 17 16:52:15 2019]
Job 74: ---rscript

[Sat Aug 17 16:52:36 2019]
Finished job 74.
9 of 32 steps (28%) done

[Sat Aug 17 16:52:36 2019]
Job 56: ---normalize

[Sat Aug 17 16:52:39 2019]
Finished job 56.
10 of 32 steps (31%) done

[Sat Aug 17 16:52:39 2019]
Job 85: ---rscript

[Sat Aug 17 16:52:43 2019]
Error in rule rscript:
    jobid: 85
    output: /workdir/users/agk85/CDC2/networks/logs/US3-12_final_network_rscript_5_0

RuleException:
CalledProcessError in line 97 of /local/workdir/users/agk85/CDC2/scripts/network/snake_trans_network:
Command 'set -euo pipefail;  if [ ! -e /workdir/users/agk85/CDC2/networks/membership ]; then mkdir -p /workdir/users/agk85/CDC2/networks/membership; fi
		if [ ! -e /workdir/users/agk85/CDC2/networks/outputs ]; then mkdir -p /workdir/users/agk85/CDC2/networks/outputs; fi
		if [ ! -e /workdir/users/agk85/CDC2/networks/graphs ]; then mkdir -p /workdir/users/agk85/CDC2/networks/graphs; fi
		cd /workdir/users/agk85/CDC2/networks/membership
		/programs/R-3.3.2/bin/Rscript /workdir/users/agk85/simulated/scripts/network_scripts/network_clustering.R CDC2 US3-12 US3-12 mge count US3-12
		touch /workdir/users/agk85/CDC2/networks/logs/US3-12_final_network_rscript_5_0' returned non-zero exit status 1.
  File "/local/workdir/users/agk85/CDC2/scripts/network/snake_trans_network", line 97, in __rule_rscript
  File "/usr/lib64/python3.6/concurrent/futures/thread.py", line 56, in run
Shutting down, this might take some time.
Exiting because a job execution failed. Look above for error message
Complete log: /local/workdir/users/agk85/CDC2/scripts/network/.snakemake/log/2019-08-17T165006.265151.snakemake.log
