Building DAG of jobs...
Using shell: /usr/bin/bash
Provided cluster nodes: 12
Unlimited resources: mem_mb
Job counts:
	count	jobs
	1	checkm
	1	final
	1	get_trans_noeuks_phagerepair
	1	normalize
	1	rscript
	5

[Fri Aug 30 04:00:53 2019]
Job 43: ---trans

Submitted job 43 with external jobid 'Your job 441554 ("trans_B370-1") has been submitted'.
[Fri Aug 30 04:01:13 2019]
Finished job 43.
1 of 5 steps (20%) done

[Fri Aug 30 04:01:13 2019]
Job 86: ---normalize

Submitted job 86 with external jobid 'Your job 441555 ("normalize_B370-1") has been submitted'.
[Fri Aug 30 04:01:33 2019]
Finished job 86.
2 of 5 steps (40%) done

[Fri Aug 30 04:01:33 2019]
Job 129: ---rscript

Submitted job 129 with external jobid 'Your job 441556 ("rscript_B370-1") has been submitted'.
[Fri Aug 30 04:03:23 2019]
Finished job 129.
3 of 5 steps (60%) done

[Fri Aug 30 04:03:23 2019]
Job 172: ---checkm

Submitted job 172 with external jobid 'Your job 441557 ("checkm_B370-1") has been submitted'.
[Fri Aug 30 05:31:39 2019]
Finished job 172.
4 of 5 steps (80%) done

[Fri Aug 30 05:31:39 2019]
localrule final:
    input: /workdir/users/agk85/CDC2/logs/finals/B320-3_trans_final, /workdir/users/agk85/CDC2/logs/finals/B316-7_trans_final, /workdir/users/agk85/CDC2/logs/finals/US3-8_trans_final, /workdir/users/agk85/CDC2/logs/finals/B314-1_trans_final, /workdir/users/agk85/CDC2/logs/finals/B314-2_trans_final, /workdir/users/agk85/CDC2/logs/finals/B314-3_trans_final, /workdir/users/agk85/CDC2/logs/finals/B314-4_trans_final, /workdir/users/agk85/CDC2/logs/finals/B316-1_trans_final, /workdir/users/agk85/CDC2/logs/finals/B316-2_trans_final, /workdir/users/agk85/CDC2/logs/finals/B316-3_trans_final, /workdir/users/agk85/CDC2/logs/finals/B316-4_trans_final, /workdir/users/agk85/CDC2/logs/finals/B316-5_trans_final, /workdir/users/agk85/CDC2/logs/finals/B316-6_trans_final, /workdir/users/agk85/CDC2/logs/finals/B320-1_trans_final, /workdir/users/agk85/CDC2/logs/finals/B320-2_trans_final, /workdir/users/agk85/CDC2/logs/finals/B320-5_trans_final, /workdir/users/agk85/CDC2/logs/finals/B331-1_trans_final, /workdir/users/agk85/CDC2/logs/finals/B331-2_trans_final, /workdir/users/agk85/CDC2/logs/finals/B331-3_trans_final, /workdir/users/agk85/CDC2/logs/finals/B331-4_trans_final, /workdir/users/agk85/CDC2/logs/finals/B335-1_trans_final, /workdir/users/agk85/CDC2/logs/finals/B335-2_trans_final, /workdir/users/agk85/CDC2/logs/finals/B335-3_trans_final, /workdir/users/agk85/CDC2/logs/finals/B357-1_trans_final, /workdir/users/agk85/CDC2/logs/finals/B357-2_trans_final, /workdir/users/agk85/CDC2/logs/finals/B357-3_trans_final, /workdir/users/agk85/CDC2/logs/finals/B357-4_trans_final, /workdir/users/agk85/CDC2/logs/finals/B357-5_trans_final, /workdir/users/agk85/CDC2/logs/finals/B357-6_trans_final, /workdir/users/agk85/CDC2/logs/finals/B370-2_trans_final, /workdir/users/agk85/CDC2/logs/finals/B370-3_trans_final, /workdir/users/agk85/CDC2/logs/finals/B370-4_trans_final, /workdir/users/agk85/CDC2/logs/finals/B370-5_trans_final, /workdir/users/agk85/CDC2/logs/finals/US3-10_trans_final, /workdir/users/agk85/CDC2/logs/finals/US3-12_trans_final, /workdir/users/agk85/CDC2/logs/finals/US3-14_trans_final, /workdir/users/agk85/CDC2/logs/finals/US3-16_trans_final, /workdir/users/agk85/CDC2/logs/finals/US8-1_trans_final, /workdir/users/agk85/CDC2/logs/finals/US8-2_trans_final, /workdir/users/agk85/CDC2/logs/finals/US8-3_trans_final, /workdir/users/agk85/CDC2/logs/finals/US8-4_trans_final, /workdir/users/agk85/CDC2/logs/finals/US8-5_trans_final, /workdir/users/agk85/CDC2/logs/finals/B370-1_trans_final, /workdir/users/agk85/CDC2/logs/finals/B320-3_normalize_final, /workdir/users/agk85/CDC2/logs/finals/B316-7_normalize_final, /workdir/users/agk85/CDC2/logs/finals/US3-8_normalize_final, /workdir/users/agk85/CDC2/logs/finals/B314-1_normalize_final, /workdir/users/agk85/CDC2/logs/finals/B314-2_normalize_final, /workdir/users/agk85/CDC2/logs/finals/B314-3_normalize_final, /workdir/users/agk85/CDC2/logs/finals/B314-4_normalize_final, /workdir/users/agk85/CDC2/logs/finals/B316-1_normalize_final, /workdir/users/agk85/CDC2/logs/finals/B316-2_normalize_final, /workdir/users/agk85/CDC2/logs/finals/B316-3_normalize_final, /workdir/users/agk85/CDC2/logs/finals/B316-4_normalize_final, /workdir/users/agk85/CDC2/logs/finals/B316-5_normalize_final, /workdir/users/agk85/CDC2/logs/finals/B316-6_normalize_final, /workdir/users/agk85/CDC2/logs/finals/B320-1_normalize_final, /workdir/users/agk85/CDC2/logs/finals/B320-2_normalize_final, /workdir/users/agk85/CDC2/logs/finals/B320-5_normalize_final, /workdir/users/agk85/CDC2/logs/finals/B331-1_normalize_final, /workdir/users/agk85/CDC2/logs/finals/B331-2_normalize_final, /workdir/users/agk85/CDC2/logs/finals/B331-3_normalize_final, /workdir/users/agk85/CDC2/logs/finals/B331-4_normalize_final, /workdir/users/agk85/CDC2/logs/finals/B335-1_normalize_final, /workdir/users/agk85/CDC2/logs/finals/B335-2_normalize_final, /workdir/users/agk85/CDC2/logs/finals/B335-3_normalize_final, /workdir/users/agk85/CDC2/logs/finals/B357-1_normalize_final, /workdir/users/agk85/CDC2/logs/finals/B357-2_normalize_final, /workdir/users/agk85/CDC2/logs/finals/B357-3_normalize_final, /workdir/users/agk85/CDC2/logs/finals/B357-4_normalize_final, /workdir/users/agk85/CDC2/logs/finals/B357-5_normalize_final, /workdir/users/agk85/CDC2/logs/finals/B357-6_normalize_final, /workdir/users/agk85/CDC2/logs/finals/B370-2_normalize_final, /workdir/users/agk85/CDC2/logs/finals/B370-3_normalize_final, /workdir/users/agk85/CDC2/logs/finals/B370-4_normalize_final, /workdir/users/agk85/CDC2/logs/finals/B370-5_normalize_final, /workdir/users/agk85/CDC2/logs/finals/US3-10_normalize_final, /workdir/users/agk85/CDC2/logs/finals/US3-12_normalize_final, /workdir/users/agk85/CDC2/logs/finals/US3-14_normalize_final, /workdir/users/agk85/CDC2/logs/finals/US3-16_normalize_final, /workdir/users/agk85/CDC2/logs/finals/US8-1_normalize_final, /workdir/users/agk85/CDC2/logs/finals/US8-2_normalize_final, /workdir/users/agk85/CDC2/logs/finals/US8-3_normalize_final, /workdir/users/agk85/CDC2/logs/finals/US8-4_normalize_final, /workdir/users/agk85/CDC2/logs/finals/US8-5_normalize_final, /workdir/users/agk85/CDC2/logs/finals/B370-1_normalize_final, /workdir/users/agk85/CDC2/networks/logs/B320-3_final_network_rscript_2_0, /workdir/users/agk85/CDC2/networks/logs/B316-7_final_network_rscript_2_0, /workdir/users/agk85/CDC2/networks/logs/US3-8_final_network_rscript_2_0, /workdir/users/agk85/CDC2/networks/logs/B314-1_final_network_rscript_2_0, /workdir/users/agk85/CDC2/networks/logs/B314-2_final_network_rscript_2_0, /workdir/users/agk85/CDC2/networks/logs/B314-3_final_network_rscript_2_0, /workdir/users/agk85/CDC2/networks/logs/B314-4_final_network_rscript_2_0, /workdir/users/agk85/CDC2/networks/logs/B316-1_final_network_rscript_2_0, /workdir/users/agk85/CDC2/networks/logs/B316-2_final_network_rscript_2_0, /workdir/users/agk85/CDC2/networks/logs/B316-3_final_network_rscript_2_0, /workdir/users/agk85/CDC2/networks/logs/B316-4_final_network_rscript_2_0, /workdir/users/agk85/CDC2/networks/logs/B316-5_final_network_rscript_2_0, /workdir/users/agk85/CDC2/networks/logs/B316-6_final_network_rscript_2_0, /workdir/users/agk85/CDC2/networks/logs/B320-1_final_network_rscript_2_0, /workdir/users/agk85/CDC2/networks/logs/B320-2_final_network_rscript_2_0, /workdir/users/agk85/CDC2/networks/logs/B320-5_final_network_rscript_2_0, /workdir/users/agk85/CDC2/networks/logs/B331-1_final_network_rscript_2_0, /workdir/users/agk85/CDC2/networks/logs/B331-2_final_network_rscript_2_0, /workdir/users/agk85/CDC2/networks/logs/B331-3_final_network_rscript_2_0, /workdir/users/agk85/CDC2/networks/logs/B331-4_final_network_rscript_2_0, /workdir/users/agk85/CDC2/networks/logs/B335-1_final_network_rscript_2_0, /workdir/users/agk85/CDC2/networks/logs/B335-2_final_network_rscript_2_0, /workdir/users/agk85/CDC2/networks/logs/B335-3_final_network_rscript_2_0, /workdir/users/agk85/CDC2/networks/logs/B357-1_final_network_rscript_2_0, /workdir/users/agk85/CDC2/networks/logs/B357-2_final_network_rscript_2_0, /workdir/users/agk85/CDC2/networks/logs/B357-3_final_network_rscript_2_0, /workdir/users/agk85/CDC2/networks/logs/B357-4_final_network_rscript_2_0, /workdir/users/agk85/CDC2/networks/logs/B357-5_final_network_rscript_2_0, /workdir/users/agk85/CDC2/networks/logs/B357-6_final_network_rscript_2_0, /workdir/users/agk85/CDC2/networks/logs/B370-2_final_network_rscript_2_0, /workdir/users/agk85/CDC2/networks/logs/B370-3_final_network_rscript_2_0, /workdir/users/agk85/CDC2/networks/logs/B370-4_final_network_rscript_2_0, /workdir/users/agk85/CDC2/networks/logs/B370-5_final_network_rscript_2_0, /workdir/users/agk85/CDC2/networks/logs/US3-10_final_network_rscript_2_0, /workdir/users/agk85/CDC2/networks/logs/US3-12_final_network_rscript_2_0, /workdir/users/agk85/CDC2/networks/logs/US3-14_final_network_rscript_2_0, /workdir/users/agk85/CDC2/networks/logs/US3-16_final_network_rscript_2_0, /workdir/users/agk85/CDC2/networks/logs/US8-1_final_network_rscript_2_0, /workdir/users/agk85/CDC2/networks/logs/US8-2_final_network_rscript_2_0, /workdir/users/agk85/CDC2/networks/logs/US8-3_final_network_rscript_2_0, /workdir/users/agk85/CDC2/networks/logs/US8-4_final_network_rscript_2_0, /workdir/users/agk85/CDC2/networks/logs/US8-5_final_network_rscript_2_0, /workdir/users/agk85/CDC2/networks/logs/B370-1_final_network_rscript_2_0, /workdir/users/agk85/CDC2/networks/logs/B320-3_final_network_checkm_2_0, /workdir/users/agk85/CDC2/networks/logs/B316-7_final_network_checkm_2_0, /workdir/users/agk85/CDC2/networks/logs/US3-8_final_network_checkm_2_0, /workdir/users/agk85/CDC2/networks/logs/B314-1_final_network_checkm_2_0, /workdir/users/agk85/CDC2/networks/logs/B314-2_final_network_checkm_2_0, /workdir/users/agk85/CDC2/networks/logs/B314-3_final_network_checkm_2_0, /workdir/users/agk85/CDC2/networks/logs/B314-4_final_network_checkm_2_0, /workdir/users/agk85/CDC2/networks/logs/B316-1_final_network_checkm_2_0, /workdir/users/agk85/CDC2/networks/logs/B316-2_final_network_checkm_2_0, /workdir/users/agk85/CDC2/networks/logs/B316-3_final_network_checkm_2_0, /workdir/users/agk85/CDC2/networks/logs/B316-4_final_network_checkm_2_0, /workdir/users/agk85/CDC2/networks/logs/B316-5_final_network_checkm_2_0, /workdir/users/agk85/CDC2/networks/logs/B316-6_final_network_checkm_2_0, /workdir/users/agk85/CDC2/networks/logs/B320-1_final_network_checkm_2_0, /workdir/users/agk85/CDC2/networks/logs/B320-2_final_network_checkm_2_0, /workdir/users/agk85/CDC2/networks/logs/B320-5_final_network_checkm_2_0, /workdir/users/agk85/CDC2/networks/logs/B331-1_final_network_checkm_2_0, /workdir/users/agk85/CDC2/networks/logs/B331-2_final_network_checkm_2_0, /workdir/users/agk85/CDC2/networks/logs/B331-3_final_network_checkm_2_0, /workdir/users/agk85/CDC2/networks/logs/B331-4_final_network_checkm_2_0, /workdir/users/agk85/CDC2/networks/logs/B335-1_final_network_checkm_2_0, /workdir/users/agk85/CDC2/networks/logs/B335-2_final_network_checkm_2_0, /workdir/users/agk85/CDC2/networks/logs/B335-3_final_network_checkm_2_0, /workdir/users/agk85/CDC2/networks/logs/B357-1_final_network_checkm_2_0, /workdir/users/agk85/CDC2/networks/logs/B357-2_final_network_checkm_2_0, /workdir/users/agk85/CDC2/networks/logs/B357-3_final_network_checkm_2_0, /workdir/users/agk85/CDC2/networks/logs/B357-4_final_network_checkm_2_0, /workdir/users/agk85/CDC2/networks/logs/B357-5_final_network_checkm_2_0, /workdir/users/agk85/CDC2/networks/logs/B357-6_final_network_checkm_2_0, /workdir/users/agk85/CDC2/networks/logs/B370-2_final_network_checkm_2_0, /workdir/users/agk85/CDC2/networks/logs/B370-3_final_network_checkm_2_0, /workdir/users/agk85/CDC2/networks/logs/B370-4_final_network_checkm_2_0, /workdir/users/agk85/CDC2/networks/logs/B370-5_final_network_checkm_2_0, /workdir/users/agk85/CDC2/networks/logs/US3-10_final_network_checkm_2_0, /workdir/users/agk85/CDC2/networks/logs/US3-12_final_network_checkm_2_0, /workdir/users/agk85/CDC2/networks/logs/US3-14_final_network_checkm_2_0, /workdir/users/agk85/CDC2/networks/logs/US3-16_final_network_checkm_2_0, /workdir/users/agk85/CDC2/networks/logs/US8-1_final_network_checkm_2_0, /workdir/users/agk85/CDC2/networks/logs/US8-2_final_network_checkm_2_0, /workdir/users/agk85/CDC2/networks/logs/US8-3_final_network_checkm_2_0, /workdir/users/agk85/CDC2/networks/logs/US8-4_final_network_checkm_2_0, /workdir/users/agk85/CDC2/networks/logs/US8-5_final_network_checkm_2_0, /workdir/users/agk85/CDC2/networks/logs/B370-1_final_network_checkm_2_0
    jobid: 0

[Fri Aug 30 05:31:39 2019]
Finished job 0.
5 of 5 steps (100%) done
Complete log: /local/workdir/users/agk85/CDC2/scripts/network_scripts/.snakemake/log/2019-08-30T040053.367710.snakemake.log
