Building DAG of jobs...
Using shell: /usr/bin/bash
Provided cluster nodes: 40
Unlimited resources: mem_mb
Job counts:
	count	jobs
	5	bwa
	1	final
	5	primary_filter
	7	sam2bam
	9	sorted
	27

[Sun Oct 20 23:48:38 2019]
Job 39: ---SORTED

Submitted job 39 with external jobid 'Your job 445779 ("US8-2_sort") has been submitted'.

[Sun Oct 20 23:48:38 2019]
Job 81: ---SAM2BAM

Submitted job 81 with external jobid 'Your job 445780 ("US8-1_sam2bam") has been submitted'.

[Sun Oct 20 23:48:38 2019]
rule bwa:
    input: /workdir/data/CDC/metagenomes/merged/unzip/US3-12.1.fastq, /workdir/data/CDC/metagenomes/merged/unzip/US3-12.2.fastq
    output: /workdir/users/agk85/CDC2/mapping_with/mapping_with_t1/US3-12/US3-12.sam, /workdir/users/agk85/CDC2/mapping_with/mapping_with_t1/US3-12/mapped
    jobid: 164
    wildcards: NAME=US3-12
    resources: mem_mb=30

Submitted job 164 with external jobid 'Your job 445781 ("US3-12_bwa") has been submitted'.

[Sun Oct 20 23:48:38 2019]
Job 67: ---SAM2BAM

Submitted job 67 with external jobid 'Your job 445782 ("B357-1_sam2bam") has been submitted'.

[Sun Oct 20 23:48:38 2019]
Job 41: ---SORTED

Submitted job 41 with external jobid 'Your job 445783 ("US8-4_sort") has been submitted'.

[Sun Oct 20 23:48:38 2019]
rule bwa:
    input: /workdir/data/CDC/metagenomes/merged/unzip/US3-10.1.fastq, /workdir/data/CDC/metagenomes/merged/unzip/US3-10.2.fastq
    output: /workdir/users/agk85/CDC2/mapping_with/mapping_with_t1/US3-10/US3-10.sam, /workdir/users/agk85/CDC2/mapping_with/mapping_with_t1/US3-10/mapped
    jobid: 163
    wildcards: NAME=US3-10
    resources: mem_mb=30

Submitted job 163 with external jobid 'Your job 445784 ("US3-10_bwa") has been submitted'.

[Sun Oct 20 23:48:38 2019]
rule bwa:
    input: /workdir/data/CDC/metagenomes/merged/unzip/US3-16.1.fastq, /workdir/data/CDC/metagenomes/merged/unzip/US3-16.2.fastq
    output: /workdir/users/agk85/CDC2/mapping_with/mapping_with_t1/US3-16/US3-16.sam, /workdir/users/agk85/CDC2/mapping_with/mapping_with_t1/US3-16/mapped
    jobid: 166
    wildcards: NAME=US3-16
    resources: mem_mb=30

Submitted job 166 with external jobid 'Your job 445785 ("US3-16_bwa") has been submitted'.

[Sun Oct 20 23:48:39 2019]
rule bwa:
    input: /workdir/data/CDC/metagenomes/merged/unzip/US3-8.1.fastq, /workdir/data/CDC/metagenomes/merged/unzip/US3-8.2.fastq
    output: /workdir/users/agk85/CDC2/mapping_with/mapping_with_t1/US3-8/US3-8.sam, /workdir/users/agk85/CDC2/mapping_with/mapping_with_t1/US3-8/mapped
    jobid: 132
    wildcards: NAME=US3-8
    resources: mem_mb=30

Submitted job 132 with external jobid 'Your job 445786 ("US3-8_bwa") has been submitted'.

[Sun Oct 20 23:48:39 2019]
rule bwa:
    input: /workdir/data/CDC/metagenomes/merged/unzip/US3-14.1.fastq, /workdir/data/CDC/metagenomes/merged/unzip/US3-14.2.fastq
    output: /workdir/users/agk85/CDC2/mapping_with/mapping_with_t1/US3-14/US3-14.sam, /workdir/users/agk85/CDC2/mapping_with/mapping_with_t1/US3-14/mapped
    jobid: 165
    wildcards: NAME=US3-14
    resources: mem_mb=30

Submitted job 165 with external jobid 'Your job 445787 ("US3-14_bwa") has been submitted'.
[Sun Oct 20 23:48:58 2019]
Error in rule bwa:
    jobid: 164
    output: /workdir/users/agk85/CDC2/mapping_with/mapping_with_t1/US3-12/US3-12.sam, /workdir/users/agk85/CDC2/mapping_with/mapping_with_t1/US3-12/mapped
    cluster_jobid: Your job 445781 ("US3-12_bwa") has been submitted

Trying to restart job 164.

[Sun Oct 20 23:48:58 2019]
rule bwa:
    input: /workdir/data/CDC/metagenomes/merged/unzip/US3-12.1.fastq, /workdir/data/CDC/metagenomes/merged/unzip/US3-12.2.fastq
    output: /workdir/users/agk85/CDC2/mapping_with/mapping_with_t1/US3-12/US3-12.sam, /workdir/users/agk85/CDC2/mapping_with/mapping_with_t1/US3-12/mapped
    jobid: 164
    wildcards: NAME=US3-12
    resources: mem_mb=60

Submitted job 164 with external jobid 'Your job 445788 ("US3-12_bwa") has been submitted'.
[Sun Oct 20 23:52:28 2019]
Finished job 39.
1 of 27 steps (4%) done
[Sun Oct 20 23:52:58 2019]
Error in rule bwa:
    jobid: 163
    output: /workdir/users/agk85/CDC2/mapping_with/mapping_with_t1/US3-10/US3-10.sam, /workdir/users/agk85/CDC2/mapping_with/mapping_with_t1/US3-10/mapped
    cluster_jobid: Your job 445784 ("US3-10_bwa") has been submitted

Trying to restart job 163.

[Sun Oct 20 23:52:58 2019]
rule bwa:
    input: /workdir/data/CDC/metagenomes/merged/unzip/US3-10.1.fastq, /workdir/data/CDC/metagenomes/merged/unzip/US3-10.2.fastq
    output: /workdir/users/agk85/CDC2/mapping_with/mapping_with_t1/US3-10/US3-10.sam, /workdir/users/agk85/CDC2/mapping_with/mapping_with_t1/US3-10/mapped
    jobid: 163
    wildcards: NAME=US3-10
    resources: mem_mb=60

Submitted job 163 with external jobid 'Your job 445804 ("US3-10_bwa") has been submitted'.
[Sun Oct 20 23:53:28 2019]
Finished job 41.
2 of 27 steps (7%) done
[Sun Oct 20 23:53:38 2019]
Error in rule bwa:
    jobid: 166
    output: /workdir/users/agk85/CDC2/mapping_with/mapping_with_t1/US3-16/US3-16.sam, /workdir/users/agk85/CDC2/mapping_with/mapping_with_t1/US3-16/mapped
    cluster_jobid: Your job 445785 ("US3-16_bwa") has been submitted

Trying to restart job 166.

[Sun Oct 20 23:53:38 2019]
[Sun Oct 20 23:53:38 2019]
Error in rule bwa:
rule bwa:
    input: /workdir/data/CDC/metagenomes/merged/unzip/US3-16.1.fastq, /workdir/data/CDC/metagenomes/merged/unzip/US3-16.2.fastq
    output: /workdir/users/agk85/CDC2/mapping_with/mapping_with_t1/US3-16/US3-16.sam, /workdir/users/agk85/CDC2/mapping_with/mapping_with_t1/US3-16/mapped
    jobid: 166
    wildcards: NAME=US3-16
    resources: mem_mb=60
    jobid: 132

    output: /workdir/users/agk85/CDC2/mapping_with/mapping_with_t1/US3-8/US3-8.sam, /workdir/users/agk85/CDC2/mapping_with/mapping_with_t1/US3-8/mapped
    cluster_jobid: Your job 445786 ("US3-8_bwa") has been submitted

Trying to restart job 132.
Submitted job 166 with external jobid 'Your job 445805 ("US3-16_bwa") has been submitted'.

[Sun Oct 20 23:53:38 2019]
rule bwa:
    input: /workdir/data/CDC/metagenomes/merged/unzip/US3-8.1.fastq, /workdir/data/CDC/metagenomes/merged/unzip/US3-8.2.fastq
    output: /workdir/users/agk85/CDC2/mapping_with/mapping_with_t1/US3-8/US3-8.sam, /workdir/users/agk85/CDC2/mapping_with/mapping_with_t1/US3-8/mapped
    jobid: 132
    wildcards: NAME=US3-8
    resources: mem_mb=60

Submitted job 132 with external jobid 'Your job 445806 ("US3-8_bwa") has been submitted'.
[Sun Oct 20 23:54:28 2019]
Error in rule bwa:
    jobid: 165
    output: /workdir/users/agk85/CDC2/mapping_with/mapping_with_t1/US3-14/US3-14.sam, /workdir/users/agk85/CDC2/mapping_with/mapping_with_t1/US3-14/mapped
    cluster_jobid: Your job 445787 ("US3-14_bwa") has been submitted

Trying to restart job 165.

[Sun Oct 20 23:54:28 2019]
[Sun Oct 20 23:54:28 2019]
rule bwa:
    input: /workdir/data/CDC/metagenomes/merged/unzip/US3-14.1.fastq, /workdir/data/CDC/metagenomes/merged/unzip/US3-14.2.fastq
    output: /workdir/users/agk85/CDC2/mapping_with/mapping_with_t1/US3-14/US3-14.sam, /workdir/users/agk85/CDC2/mapping_with/mapping_with_t1/US3-14/mapped
    jobid: 165
    wildcards: NAME=US3-14
    resources: mem_mb=60
Error in rule bwa:

    jobid: 164
    output: /workdir/users/agk85/CDC2/mapping_with/mapping_with_t1/US3-12/US3-12.sam, /workdir/users/agk85/CDC2/mapping_with/mapping_with_t1/US3-12/mapped
    cluster_jobid: Your job 445788 ("US3-12_bwa") has been submitted

Submitted job 165 with external jobid 'Your job 445818 ("US3-14_bwa") has been submitted'.
[Sun Oct 20 23:54:59 2019]
Error in rule bwa:
    jobid: 163
    output: /workdir/users/agk85/CDC2/mapping_with/mapping_with_t1/US3-10/US3-10.sam, /workdir/users/agk85/CDC2/mapping_with/mapping_with_t1/US3-10/mapped
    cluster_jobid: Your job 445804 ("US3-10_bwa") has been submitted

[Sun Oct 20 23:55:39 2019]
Error in rule bwa:
    jobid: 166
    output: /workdir/users/agk85/CDC2/mapping_with/mapping_with_t1/US3-16/US3-16.sam, /workdir/users/agk85/CDC2/mapping_with/mapping_with_t1/US3-16/mapped
    cluster_jobid: Your job 445805 ("US3-16_bwa") has been submitted

[Sun Oct 20 23:55:39 2019]
Error in rule bwa:
    jobid: 132
    output: /workdir/users/agk85/CDC2/mapping_with/mapping_with_t1/US3-8/US3-8.sam, /workdir/users/agk85/CDC2/mapping_with/mapping_with_t1/US3-8/mapped
    cluster_jobid: Your job 445806 ("US3-8_bwa") has been submitted

[Sun Oct 20 23:56:19 2019]
Finished job 67.
3 of 27 steps (11%) done
[Sun Oct 20 23:56:59 2019]
Error in rule bwa:
    jobid: 165
    output: /workdir/users/agk85/CDC2/mapping_with/mapping_with_t1/US3-14/US3-14.sam, /workdir/users/agk85/CDC2/mapping_with/mapping_with_t1/US3-14/mapped
    cluster_jobid: Your job 445818 ("US3-14_bwa") has been submitted

[Sun Oct 20 23:57:39 2019]
Finished job 81.
4 of 27 steps (15%) done
Shutting down, this might take some time.
Exiting because a job execution failed. Look above for error message
Complete log: /local/workdir/users/agk85/CDC2/scripts/binning_with/.snakemake/log/2019-10-20T234838.364105.snakemake.log
