Building DAG of jobs...
Using shell: /usr/bin/bash
Provided cluster nodes: 8
Unlimited resources: mem_mb
Job counts:
	count	jobs
	9	bwa
	1	final
	10	primary_filter
	11	sam2bam
	38	sorted
	69

[Sun Oct 20 17:58:23 2019]
rule bwa:
    input: /workdir/data/CDC/metagenomes/merged/unzip/US8-4.1.fastq, /workdir/data/CDC/metagenomes/merged/unzip/US8-4.2.fastq
    output: /workdir/users/agk85/CDC2/mapping_with/mapping_with_t1/US8-4/US8-4.sam, /workdir/users/agk85/CDC2/mapping_with/mapping_with_t1/US8-4/mapped
    jobid: 170
    wildcards: NAME=US8-4
    resources: mem_mb=30

Submitted job 170 with external jobid 'Your job 445506 ("US8-4_bwa") has been submitted'.

[Sun Oct 20 17:58:23 2019]
rule bwa:
    input: /workdir/data/CDC/metagenomes/merged/unzip/US3-16.1.fastq, /workdir/data/CDC/metagenomes/merged/unzip/US3-16.2.fastq
    output: /workdir/users/agk85/CDC2/mapping_with/mapping_with_t1/US3-16/US3-16.sam, /workdir/users/agk85/CDC2/mapping_with/mapping_with_t1/US3-16/mapped
    jobid: 166
    wildcards: NAME=US3-16
    resources: mem_mb=30

Submitted job 166 with external jobid 'Your job 445507 ("US3-16_bwa") has been submitted'.

[Sun Oct 20 17:58:23 2019]
rule bwa:
    input: /workdir/data/CDC/metagenomes/merged/unzip/US8-2.1.fastq, /workdir/data/CDC/metagenomes/merged/unzip/US8-2.2.fastq
    output: /workdir/users/agk85/CDC2/mapping_with/mapping_with_t1/US8-2/US8-2.sam, /workdir/users/agk85/CDC2/mapping_with/mapping_with_t1/US8-2/mapped
    jobid: 168
    wildcards: NAME=US8-2
    resources: mem_mb=30

Submitted job 168 with external jobid 'Your job 445508 ("US8-2_bwa") has been submitted'.

[Sun Oct 20 17:58:23 2019]
rule bwa:
    input: /workdir/data/CDC/metagenomes/merged/unzip/US3-12.1.fastq, /workdir/data/CDC/metagenomes/merged/unzip/US3-12.2.fastq
    output: /workdir/users/agk85/CDC2/mapping_with/mapping_with_t1/US3-12/US3-12.sam, /workdir/users/agk85/CDC2/mapping_with/mapping_with_t1/US3-12/mapped
    jobid: 164
    wildcards: NAME=US3-12
    resources: mem_mb=30

Submitted job 164 with external jobid 'Your job 445509 ("US3-12_bwa") has been submitted'.

[Sun Oct 20 17:58:23 2019]
rule bwa:
    input: /workdir/data/CDC/metagenomes/merged/unzip/US3-10.1.fastq, /workdir/data/CDC/metagenomes/merged/unzip/US3-10.2.fastq
    output: /workdir/users/agk85/CDC2/mapping_with/mapping_with_t1/US3-10/US3-10.sam, /workdir/users/agk85/CDC2/mapping_with/mapping_with_t1/US3-10/mapped
    jobid: 163
    wildcards: NAME=US3-10
    resources: mem_mb=30

Submitted job 163 with external jobid 'Your job 445510 ("US3-10_bwa") has been submitted'.

[Sun Oct 20 17:58:23 2019]
rule bwa:
    input: /workdir/data/CDC/metagenomes/merged/unzip/US3-8.1.fastq, /workdir/data/CDC/metagenomes/merged/unzip/US3-8.2.fastq
    output: /workdir/users/agk85/CDC2/mapping_with/mapping_with_t1/US3-8/US3-8.sam, /workdir/users/agk85/CDC2/mapping_with/mapping_with_t1/US3-8/mapped
    jobid: 132
    wildcards: NAME=US3-8
    resources: mem_mb=30

Submitted job 132 with external jobid 'Your job 445511 ("US3-8_bwa") has been submitted'.

[Sun Oct 20 17:58:23 2019]
rule primary_filter:
    input: /workdir/users/agk85/CDC2/mapping_with/mapping_with_t1/US8-3/US8-3.sam
    output: /workdir/users/agk85/CDC2/mapping_with/mapping_with_t1/US8-3/US8-3.nss.sam
    jobid: 126
    wildcards: NAME=US8-3
    resources: mem_mb=15

Submitted job 126 with external jobid 'Your job 445512 ("US8-3_primary_filter") has been submitted'.

[Sun Oct 20 17:58:23 2019]
rule bwa:
    input: /workdir/data/CDC/metagenomes/merged/unzip/US3-14.1.fastq, /workdir/data/CDC/metagenomes/merged/unzip/US3-14.2.fastq
    output: /workdir/users/agk85/CDC2/mapping_with/mapping_with_t1/US3-14/US3-14.sam, /workdir/users/agk85/CDC2/mapping_with/mapping_with_t1/US3-14/mapped
    jobid: 165
    wildcards: NAME=US3-14
    resources: mem_mb=30

Submitted job 165 with external jobid 'Your job 445513 ("US3-14_bwa") has been submitted'.
[Sun Oct 20 17:58:43 2019]
Error in rule bwa:
    jobid: 166
    output: /workdir/users/agk85/CDC2/mapping_with/mapping_with_t1/US3-16/US3-16.sam, /workdir/users/agk85/CDC2/mapping_with/mapping_with_t1/US3-16/mapped
    cluster_jobid: Your job 445507 ("US3-16_bwa") has been submitted

Trying to restart job 166.

[Sun Oct 20 17:58:43 2019]
rule bwa:
    input: /workdir/data/CDC/metagenomes/merged/unzip/US3-16.1.fastq, /workdir/data/CDC/metagenomes/merged/unzip/US3-16.2.fastq
    output: /workdir/users/agk85/CDC2/mapping_with/mapping_with_t1/US3-16/US3-16.sam, /workdir/users/agk85/CDC2/mapping_with/mapping_with_t1/US3-16/mapped
    jobid: 166
    wildcards: NAME=US3-16
    resources: mem_mb=60

[Sun Oct 20 17:58:43 2019]
Error in rule bwa:
    jobid: 164
    output: /workdir/users/agk85/CDC2/mapping_with/mapping_with_t1/US3-12/US3-12.sam, /workdir/users/agk85/CDC2/mapping_with/mapping_with_t1/US3-12/mapped
    cluster_jobid: Your job 445509 ("US3-12_bwa") has been submitted

Trying to restart job 164.
Submitted job 166 with external jobid 'Your job 445514 ("US3-16_bwa") has been submitted'.

[Sun Oct 20 17:58:43 2019]
rule bwa:
    input: /workdir/data/CDC/metagenomes/merged/unzip/US3-12.1.fastq, /workdir/data/CDC/metagenomes/merged/unzip/US3-12.2.fastq
    output: /workdir/users/agk85/CDC2/mapping_with/mapping_with_t1/US3-12/US3-12.sam, /workdir/users/agk85/CDC2/mapping_with/mapping_with_t1/US3-12/mapped
    jobid: 164
    wildcards: NAME=US3-12
    resources: mem_mb=60

Submitted job 164 with external jobid 'Your job 445515 ("US3-12_bwa") has been submitted'.
[Sun Oct 20 17:59:43 2019]
Error in rule bwa:
    jobid: 163
    output: /workdir/users/agk85/CDC2/mapping_with/mapping_with_t1/US3-10/US3-10.sam, /workdir/users/agk85/CDC2/mapping_with/mapping_with_t1/US3-10/mapped
    cluster_jobid: Your job 445510 ("US3-10_bwa") has been submitted

Trying to restart job 163.

[Sun Oct 20 17:59:43 2019]
[Sun Oct 20 17:59:43 2019]
Error in rule bwa:
rule bwa:
    input: /workdir/data/CDC/metagenomes/merged/unzip/US3-10.1.fastq, /workdir/data/CDC/metagenomes/merged/unzip/US3-10.2.fastq
    output: /workdir/users/agk85/CDC2/mapping_with/mapping_with_t1/US3-10/US3-10.sam, /workdir/users/agk85/CDC2/mapping_with/mapping_with_t1/US3-10/mapped
    jobid: 163
    wildcards: NAME=US3-10
    resources: mem_mb=60
    jobid: 132

    output: /workdir/users/agk85/CDC2/mapping_with/mapping_with_t1/US3-8/US3-8.sam, /workdir/users/agk85/CDC2/mapping_with/mapping_with_t1/US3-8/mapped
    cluster_jobid: Your job 445511 ("US3-8_bwa") has been submitted

Trying to restart job 132.
Submitted job 163 with external jobid 'Your job 445517 ("US3-10_bwa") has been submitted'.

[Sun Oct 20 17:59:43 2019]
rule bwa:
    input: /workdir/data/CDC/metagenomes/merged/unzip/US3-8.1.fastq, /workdir/data/CDC/metagenomes/merged/unzip/US3-8.2.fastq
    output: /workdir/users/agk85/CDC2/mapping_with/mapping_with_t1/US3-8/US3-8.sam, /workdir/users/agk85/CDC2/mapping_with/mapping_with_t1/US3-8/mapped
    jobid: 132
    wildcards: NAME=US3-8
    resources: mem_mb=60

Submitted job 132 with external jobid 'Your job 445518 ("US3-8_bwa") has been submitted'.
[Sun Oct 20 18:00:23 2019]
Error in rule bwa:
    jobid: 165
    output: /workdir/users/agk85/CDC2/mapping_with/mapping_with_t1/US3-14/US3-14.sam, /workdir/users/agk85/CDC2/mapping_with/mapping_with_t1/US3-14/mapped
    cluster_jobid: Your job 445513 ("US3-14_bwa") has been submitted

Trying to restart job 165.

[Sun Oct 20 18:00:23 2019]
rule bwa:
    input: /workdir/data/CDC/metagenomes/merged/unzip/US3-14.1.fastq, /workdir/data/CDC/metagenomes/merged/unzip/US3-14.2.fastq
    output: /workdir/users/agk85/CDC2/mapping_with/mapping_with_t1/US3-14/US3-14.sam, /workdir/users/agk85/CDC2/mapping_with/mapping_with_t1/US3-14/mapped
    jobid: 165
    wildcards: NAME=US3-14
    resources: mem_mb=60

Submitted job 165 with external jobid 'Your job 445520 ("US3-14_bwa") has been submitted'.
[Sun Oct 20 18:00:53 2019]
Error in rule bwa:
    jobid: 166
    output: /workdir/users/agk85/CDC2/mapping_with/mapping_with_t1/US3-16/US3-16.sam, /workdir/users/agk85/CDC2/mapping_with/mapping_with_t1/US3-16/mapped
    cluster_jobid: Your job 445514 ("US3-16_bwa") has been submitted

[Sun Oct 20 18:01:43 2019]
Error in rule bwa:
    jobid: 164
    output: /workdir/users/agk85/CDC2/mapping_with/mapping_with_t1/US3-12/US3-12.sam, /workdir/users/agk85/CDC2/mapping_with/mapping_with_t1/US3-12/mapped
    cluster_jobid: Your job 445515 ("US3-12_bwa") has been submitted

[Sun Oct 20 18:02:13 2019]
Finished job 126.
1 of 69 steps (1%) done
[Sun Oct 20 18:02:23 2019]
Error in rule bwa:
    jobid: 163
    output: /workdir/users/agk85/CDC2/mapping_with/mapping_with_t1/US3-10/US3-10.sam, /workdir/users/agk85/CDC2/mapping_with/mapping_with_t1/US3-10/mapped
    cluster_jobid: Your job 445517 ("US3-10_bwa") has been submitted

[Sun Oct 20 18:02:53 2019]
Error in rule bwa:
    jobid: 132
    output: /workdir/users/agk85/CDC2/mapping_with/mapping_with_t1/US3-8/US3-8.sam, /workdir/users/agk85/CDC2/mapping_with/mapping_with_t1/US3-8/mapped
    cluster_jobid: Your job 445518 ("US3-8_bwa") has been submitted

[Sun Oct 20 18:02:53 2019]
Error in rule bwa:
    jobid: 165
    output: /workdir/users/agk85/CDC2/mapping_with/mapping_with_t1/US3-14/US3-14.sam, /workdir/users/agk85/CDC2/mapping_with/mapping_with_t1/US3-14/mapped
    cluster_jobid: Your job 445520 ("US3-14_bwa") has been submitted

[Sun Oct 20 18:06:54 2019]
Finished job 168.
2 of 69 steps (3%) done
[Sun Oct 20 18:07:24 2019]
Finished job 170.
3 of 69 steps (4%) done
Shutting down, this might take some time.
Exiting because a job execution failed. Look above for error message
Complete log: /local/workdir/users/agk85/CDC2/scripts/binning_with/.snakemake/log/2019-10-20T175823.371211.snakemake.log
