Provided cores: 1
Rules claiming more threads will be scaled down.
Unlimited resources: mem_mb
Job counts:
	count	jobs
	1	final
	4	index
	5

Job 3: ---bwaindex

Finished job 3.
1 of 5 steps (20%) done

Job 24: ---bwaindex

Finished job 24.
2 of 5 steps (40%) done

Job 9: ---bwaindex

Finished job 9.
3 of 5 steps (60%) done

Job 12: ---bwaindex

Finished job 12.
4 of 5 steps (80%) done

localrule final:
    input: /workdir/users/agk85/CDC/logs/finals/B309_final_index, /workdir/users/agk85/CDC/logs/finals/B313_final_index, /workdir/users/agk85/CDC/logs/finals/B314_final_index, /workdir/users/agk85/CDC/logs/finals/B310_final_index, /workdir/users/agk85/CDC/logs/finals/B329_final_index, /workdir/users/agk85/CDC/logs/finals/B331_final_index, /workdir/users/agk85/CDC/logs/finals/B321_final_index, /workdir/users/agk85/CDC/logs/finals/B320_final_index, /workdir/users/agk85/CDC/logs/finals/B346_final_index, /workdir/users/agk85/CDC/logs/finals/B359_final_index, /workdir/users/agk85/CDC/logs/finals/B369_final_index, /workdir/users/agk85/CDC/logs/finals/B352_final_index, /workdir/users/agk85/CDC/logs/finals/B357_final_index, /workdir/users/agk85/CDC/logs/finals/L82_final_index, /workdir/users/agk85/CDC/logs/finals/L92_final_index, /workdir/users/agk85/CDC/logs/finals/B370_final_index, /workdir/users/agk85/CDC/logs/finals/B316_final_index, /workdir/users/agk85/CDC/logs/finals/B326_final_index, /workdir/users/agk85/CDC/logs/finals/US3_final_index, /workdir/users/agk85/CDC/logs/finals/US4_final_index, /workdir/users/agk85/CDC/logs/finals/L93_final_index, /workdir/users/agk85/CDC/logs/finals/L109_final_index, /workdir/users/agk85/CDC/logs/finals/B371_final_index, /workdir/users/agk85/CDC/logs/finals/B335_final_index
    jobid: 0

Finished job 0.
5 of 5 steps (100%) done
