Provided cores: 1
Rules claiming more threads will be scaled down.
Unlimited resources: mem_mb
Job counts:
	count	jobs
	1	final
	7	index
	8

Job 2: ---bwaindex

Finished job 2.
1 of 8 steps (12%) done

Job 4: ---bwaindex

Finished job 4.
2 of 8 steps (25%) done

Job 6: ---bwaindex

Finished job 6.
3 of 8 steps (38%) done

Job 3: ---bwaindex

Finished job 3.
4 of 8 steps (50%) done

Job 7: ---bwaindex

Finished job 7.
5 of 8 steps (62%) done

Job 1: ---bwaindex

Finished job 1.
6 of 8 steps (75%) done

Job 5: ---bwaindex

Finished job 5.
7 of 8 steps (88%) done

localrule final:
    input: /workdir/users/agk85/CDC/logs/finals/B309_final_index, /workdir/users/agk85/CDC/logs/finals/B313_final_index, /workdir/users/agk85/CDC/logs/finals/B310_final_index, /workdir/users/agk85/CDC/logs/finals/B314_final_index, /workdir/users/agk85/CDC/logs/finals/B329_final_index, /workdir/users/agk85/CDC/logs/finals/B331_final_index, /workdir/users/agk85/CDC/logs/finals/B321_final_index
    jobid: 0

Finished job 0.
8 of 8 steps (100%) done
