Provided cores: 1
Rules claiming more threads will be scaled down.
Unlimited resources: mem_mb
Job counts:
	count	jobs
	1	final
	20	index
	21

Job 8: ---bwaindex

Finished job 8.
1 of 21 steps (5%) done

Job 7: ---bwaindex

Finished job 7.
2 of 21 steps (10%) done

Job 2: ---bwaindex

Finished job 2.
3 of 21 steps (14%) done

Job 17: ---bwaindex

Finished job 17.
4 of 21 steps (19%) done

Job 16: ---bwaindex

Finished job 16.
5 of 21 steps (24%) done

Job 3: ---bwaindex

Finished job 3.
6 of 21 steps (29%) done

Job 9: ---bwaindex

Finished job 9.
7 of 21 steps (33%) done

Job 13: ---bwaindex

Finished job 13.
8 of 21 steps (38%) done

Job 18: ---bwaindex

Finished job 18.
9 of 21 steps (43%) done

Job 14: ---bwaindex

Finished job 14.
10 of 21 steps (48%) done

Job 20: ---bwaindex

Finished job 20.
11 of 21 steps (52%) done

Job 6: ---bwaindex

Finished job 6.
12 of 21 steps (57%) done

Job 10: ---bwaindex

Finished job 10.
13 of 21 steps (62%) done

Job 12: ---bwaindex

Finished job 12.
14 of 21 steps (67%) done

Job 5: ---bwaindex

Finished job 5.
15 of 21 steps (71%) done

Job 1: ---bwaindex

Finished job 1.
16 of 21 steps (76%) done

Job 15: ---bwaindex

Finished job 15.
17 of 21 steps (81%) done

Job 11: ---bwaindex

Finished job 11.
18 of 21 steps (86%) done

Job 4: ---bwaindex

Finished job 4.
19 of 21 steps (90%) done

Job 19: ---bwaindex

Finished job 19.
20 of 21 steps (95%) done

localrule final:
    input: /workdir/users/agk85/CDC/logs/finals/B310_final_index, /workdir/users/agk85/CDC/logs/finals/B309_final_index, /workdir/users/agk85/CDC/logs/finals/B314_final_index, /workdir/users/agk85/CDC/logs/finals/B313_final_index, /workdir/users/agk85/CDC/logs/finals/B329_final_index, /workdir/users/agk85/CDC/logs/finals/B321_final_index, /workdir/users/agk85/CDC/logs/finals/B320_final_index, /workdir/users/agk85/CDC/logs/finals/B331_final_index, /workdir/users/agk85/CDC/logs/finals/B346_final_index, /workdir/users/agk85/CDC/logs/finals/B359_final_index, /workdir/users/agk85/CDC/logs/finals/B369_final_index, /workdir/users/agk85/CDC/logs/finals/B352_final_index, /workdir/users/agk85/CDC/logs/finals/B357_final_index, /workdir/users/agk85/CDC/logs/finals/B316_final_index, /workdir/users/agk85/CDC/logs/finals/L82_final_index, /workdir/users/agk85/CDC/logs/finals/B370_final_index, /workdir/users/agk85/CDC/logs/finals/B371_final_index, /workdir/users/agk85/CDC/logs/finals/L92_final_index, /workdir/users/agk85/CDC/logs/finals/L109_final_index, /workdir/users/agk85/CDC/logs/finals/L93_final_index
    jobid: 0

Finished job 0.
21 of 21 steps (100%) done
