Provided cores: 1
Rules claiming more threads will be scaled down.
Unlimited resources: mem_mb
Job counts:
	count	jobs
	1	final
	23	index
	24

Job 2: ---bwaindex

Finished job 2.
1 of 24 steps (4%) done

Job 18: ---bwaindex

Finished job 18.
2 of 24 steps (8%) done

Job 22: ---bwaindex

Finished job 22.
3 of 24 steps (12%) done

Job 5: ---bwaindex

Finished job 5.
4 of 24 steps (17%) done

Job 10: ---bwaindex

Finished job 10.
5 of 24 steps (21%) done

Job 4: ---bwaindex

Finished job 4.
6 of 24 steps (25%) done

Job 12: ---bwaindex

Finished job 12.
7 of 24 steps (29%) done

Job 21: ---bwaindex

Finished job 21.
8 of 24 steps (33%) done

Job 6: ---bwaindex

Finished job 6.
9 of 24 steps (38%) done

Job 23: ---bwaindex

Finished job 23.
10 of 24 steps (42%) done

Job 13: ---bwaindex

Finished job 13.
11 of 24 steps (46%) done

Job 15: ---bwaindex

Finished job 15.
12 of 24 steps (50%) done

Job 17: ---bwaindex

Finished job 17.
13 of 24 steps (54%) done

Job 3: ---bwaindex

Finished job 3.
14 of 24 steps (58%) done

Job 9: ---bwaindex

Finished job 9.
15 of 24 steps (62%) done

Job 8: ---bwaindex

Finished job 8.
16 of 24 steps (67%) done

Job 14: ---bwaindex

Finished job 14.
17 of 24 steps (71%) done

Job 20: ---bwaindex

Finished job 20.
18 of 24 steps (75%) done

Job 19: ---bwaindex

Finished job 19.
19 of 24 steps (79%) done

Job 1: ---bwaindex

Finished job 1.
20 of 24 steps (83%) done

Job 7: ---bwaindex

Finished job 7.
21 of 24 steps (88%) done

Job 16: ---bwaindex

Finished job 16.
22 of 24 steps (92%) done

Job 11: ---bwaindex

Finished job 11.
23 of 24 steps (96%) done

localrule final:
    input: /workdir/users/agk85/CDC/logs/finals/B309_final_index, /workdir/users/agk85/CDC/logs/finals/B313_final_index, /workdir/users/agk85/CDC/logs/finals/B314_final_index, /workdir/users/agk85/CDC/logs/finals/B310_final_index, /workdir/users/agk85/CDC/logs/finals/B329_final_index, /workdir/users/agk85/CDC/logs/finals/B331_final_index, /workdir/users/agk85/CDC/logs/finals/B321_final_index, /workdir/users/agk85/CDC/logs/finals/B320_final_index, /workdir/users/agk85/CDC/logs/finals/B346_final_index, /workdir/users/agk85/CDC/logs/finals/B359_final_index, /workdir/users/agk85/CDC/logs/finals/B369_final_index, /workdir/users/agk85/CDC/logs/finals/B352_final_index, /workdir/users/agk85/CDC/logs/finals/B357_final_index, /workdir/users/agk85/CDC/logs/finals/L82_final_index, /workdir/users/agk85/CDC/logs/finals/L92_final_index, /workdir/users/agk85/CDC/logs/finals/B370_final_index, /workdir/users/agk85/CDC/logs/finals/B316_final_index, /workdir/users/agk85/CDC/logs/finals/B326_final_index, /workdir/users/agk85/CDC/logs/finals/US3_final_index, /workdir/users/agk85/CDC/logs/finals/US4_final_index, /workdir/users/agk85/CDC/logs/finals/L93_final_index, /workdir/users/agk85/CDC/logs/finals/L109_final_index, /workdir/users/agk85/CDC/logs/finals/B371_final_index
    jobid: 0

Finished job 0.
24 of 24 steps (100%) done
