Provided cores: 1
Rules claiming more threads will be scaled down.
Unlimited resources: mem_mb
Job counts:
	count	jobs
	1	final
	3	index
	4

Job 9: ---bwaindex

Finished job 9.
1 of 4 steps (25%) done

Job 3: ---bwaindex

Finished job 3.
2 of 4 steps (50%) done

Job 4: ---bwaindex

Finished job 4.
3 of 4 steps (75%) done

localrule final:
    input: /workdir/users/agk85/CDC/logs/finals/B309_final_index, /workdir/users/agk85/CDC/logs/finals/B313_final_index, /workdir/users/agk85/CDC/logs/finals/B310_final_index, /workdir/users/agk85/CDC/logs/finals/B314_final_index, /workdir/users/agk85/CDC/logs/finals/B329_final_index, /workdir/users/agk85/CDC/logs/finals/B331_final_index, /workdir/users/agk85/CDC/logs/finals/B321_final_index, /workdir/users/agk85/CDC/logs/finals/B320_final_index, /workdir/users/agk85/CDC/logs/finals/B326_final_index, /workdir/users/agk85/CDC/logs/finals/B335_final_index
    jobid: 0

Finished job 0.
4 of 4 steps (100%) done
