Provided cores: 1
Rules claiming more threads will be scaled down.
Unlimited resources: mem_mb
Job counts:
	count	jobs
	1	final
	7	index
	8

Job 6: ---bwaindex

Finished job 6.
1 of 8 steps (12%) done

Job 10: ---bwaindex

Finished job 10.
2 of 8 steps (25%) done

Job 12: ---bwaindex

Finished job 12.
3 of 8 steps (38%) done

Job 17: ---bwaindex

Finished job 17.
4 of 8 steps (50%) done

Job 13: ---bwaindex

Finished job 13.
5 of 8 steps (62%) done

Job 3: ---bwaindex

Finished job 3.
6 of 8 steps (75%) done

Job 15: ---bwaindex

Finished job 15.
7 of 8 steps (88%) done

localrule final:
    input: /workdir/users/agk85/CDC/logs/finals/B309_final_index, /workdir/users/agk85/CDC/logs/finals/B313_final_index, /workdir/users/agk85/CDC/logs/finals/B310_final_index, /workdir/users/agk85/CDC/logs/finals/B314_final_index, /workdir/users/agk85/CDC/logs/finals/B329_final_index, /workdir/users/agk85/CDC/logs/finals/B331_final_index, /workdir/users/agk85/CDC/logs/finals/B321_final_index, /workdir/users/agk85/CDC/logs/finals/B320_final_index, /workdir/users/agk85/CDC/logs/finals/B326_final_index, /workdir/users/agk85/CDC/logs/finals/B335_final_index, /workdir/users/agk85/CDC/logs/finals/B346_final_index, /workdir/users/agk85/CDC/logs/finals/B359_final_index, /workdir/users/agk85/CDC/logs/finals/B369_final_index, /workdir/users/agk85/CDC/logs/finals/B352_final_index, /workdir/users/agk85/CDC/logs/finals/B357_final_index, /workdir/users/agk85/CDC/logs/finals/B316_final_index, /workdir/users/agk85/CDC/logs/finals/L82_final_index, /workdir/users/agk85/CDC/logs/finals/L92_final_index, /workdir/users/agk85/CDC/logs/finals/B370_final_index, /workdir/users/agk85/CDC/logs/finals/L93_final_index, /workdir/users/agk85/CDC/logs/finals/L109_final_index
    jobid: 0

Finished job 0.
8 of 8 steps (100%) done
