MissingInputException in line 11 of /local/workdir/users/agk85/CDC/scripts/alignment/snake/snake_bwa:
Missing input files for rule final:
/workdir/users/agk85/CDC/logs3/finals/L82-1_final_map_bwa
/workdir/users/agk85/CDC/logs3/finals/B370-3_final_map_sortbam
/workdir/users/agk85/CDC/logs3/finals/B320-4_final_map_filter
/workdir/users/agk85/CDC/logs3/finals/B310-2_final_map_filter
/workdir/users/agk85/CDC/logs3/finals/B346-4_final_map_bwa
/workdir/users/agk85/CDC/logs3/finals/B316-3_final_map_sortbam
/workdir/users/agk85/CDC/logs3/finals/B370-4_final_map_bwa
/workdir/users/agk85/CDC/logs3/finals/B316-5_final_map_sortbam
/workdir/users/agk85/CDC/logs3/finals/B316-4_final_map_filter
/workdir/users/agk85/CDC/logs3/finals/B352-1_final_map_sortbam
/workdir/users/agk85/CDC/logs3/finals/B370-4_final_map_sortbam
/workdir/users/agk85/CDC/logs3/finals/L93-4_final_map_sortbam
/workdir/users/agk85/CDC/logs3/finals/B320-2_final_map_filter
/workdir/users/agk85/CDC/logs3/finals/L109-1_final_map_sortbam
/workdir/users/agk85/CDC/logs3/finals/L93-4_final_map_rpkm_new
/workdir/users/agk85/CDC/logs3/finals/B370-3_final_map_filter
/workdir/users/agk85/CDC/logs3/finals/B321-4_final_map_filter
/workdir/users/agk85/CDC/logs3/finals/B309-4_final_map_rpkm_new
/workdir/users/agk85/CDC/logs3/finals/L93-4_final_map_filter
/workdir/users/agk85/CDC/logs3/finals/B371-1_final_map_sortbam
/workdir/users/agk85/CDC/logs3/finals/B331-1_final_map_rpkm_new
/workdir/users/agk85/CDC/logs3/finals/B321-3_final_map_sortbam
/workdir/users/agk85/CDC/logs3/finals/B357-6_final_map_sortbam
/workdir/users/agk85/CDC/logs3/finals/B316-6_final_map_sortbam
/workdir/users/agk85/CDC/logs3/finals/B310-3_final_map_bwa
/workdir/users/agk85/CDC/logs3/finals/B316-4_final_map_sortbam
/workdir/users/agk85/CDC/logs3/finals/B331-2_final_map_rpkm_new
/workdir/users/agk85/CDC/logs3/finals/B316-4_final_map_bwa
/workdir/users/agk85/CDC/logs3/finals/B329-2_final_map_filter
/workdir/users/agk85/CDC/logs3/finals/B329-2_final_map_sortbam
/workdir/users/agk85/CDC/logs3/finals/B321-2_final_map_bwa
/workdir/users/agk85/CDC/logs3/finals/L109-1_final_map_bwa
/workdir/users/agk85/CDC/logs3/finals/B316-7_final_map_bwa
/workdir/users/agk85/CDC/logs3/finals/B346-3_final_map_bwa
/workdir/users/agk85/CDC/logs3/finals/B371-4_final_map_bwa
/workdir/users/agk85/CDC/logs3/finals/L92-1_final_map_filter
/workdir/users/agk85/CDC/logs3/finals/B346-2_final_map_filter
/workdir/users/agk85/CDC/logs3/finals/B326-2_final_map_filter
/workdir/users/agk85/CDC/logs3/finals/US3_final_map_bwa
/workdir/users/agk85/CDC/logs3/finals/L93-6_final_map_rpkm_new
/workdir/users/agk85/CDC/logs3/finals/B316-2_final_map_bwa
/workdir/users/agk85/CDC/logs3/finals/B346-4_final_map_filter
/workdir/users/agk85/CDC/logs3/finals/B313-1_final_map_filter
/workdir/users/agk85/CDC/logs3/finals/B335-1_final_map_rpkm_new
/workdir/users/agk85/CDC/logs3/finals/B331-4_final_map_rpkm_new
/workdir/users/agk85/CDC/logs3/finals/B326-2_final_map_bwa
/workdir/users/agk85/CDC/logs3/finals/B310-3_final_map_rpkm_new
/workdir/users/agk85/CDC/logs3/finals/B346-2_final_map_sortbam
/workdir/users/agk85/CDC/logs3/finals/B331-1_final_map_filter
/workdir/users/agk85/CDC/logs3/finals/B320-2_final_map_bwa
/workdir/users/agk85/CDC/logs3/finals/B326-2_final_map_sortbam
/workdir/users/agk85/CDC/logs3/finals/B331-3_final_map_filter
/workdir/users/agk85/CDC/logs3/finals/B369-4_final_map_bwa
/workdir/users/agk85/CDC/logs3/finals/B313-3_final_map_sortbam
/workdir/users/agk85/CDC/logs3/finals/B320-4_final_map_rpkm_new
/workdir/users/agk85/CDC/logs3/finals/L82-2_final_map_sortbam
/workdir/users/agk85/CDC/logs3/finals/B320-2_final_map_rpkm_new
/workdir/users/agk85/CDC/logs3/finals/B369-4_final_map_sortbam
/workdir/users/agk85/CDC/logs3/finals/B313-2_final_map_rpkm_new
/workdir/users/agk85/CDC/logs3/finals/B359-3_final_map_bwa
/workdir/users/agk85/CDC/logs3/finals/B309-2_final_map_bwa
/workdir/users/agk85/CDC/logs3/finals/L92-2_final_map_sortbam
/workdir/users/agk85/CDC/logs3/finals/B371-4_final_map_rpkm_new
/workdir/users/agk85/CDC/logs3/finals/L109-2_final_map_sortbam
/workdir/users/agk85/CDC/logs3/finals/B370-5_final_map_filter
/workdir/users/agk85/CDC/logs3/finals/B314-4_final_map_filter
/workdir/users/agk85/CDC/logs3/finals/B320-1_final_map_filter
/workdir/users/agk85/CDC/logs3/finals/US4_final_map_rpkm_new
/workdir/users/agk85/CDC/logs3/finals/B346-3_final_map_sortbam
/workdir/users/agk85/CDC/logs3/finals/B313-3_final_map_filter
/workdir/users/agk85/CDC/logs3/finals/B329-3_final_map_filter
/workdir/users/agk85/CDC/logs3/finals/B310-6_final_map_filter
/workdir/users/agk85/CDC/logs3/finals/L109-3_final_map_rpkm_new
/workdir/users/agk85/CDC/logs3/finals/B359-3_final_map_rpkm_new
/workdir/users/agk85/CDC/logs3/finals/B371-5_final_map_filter
/workdir/users/agk85/CDC/logs3/finals/B370-1_final_map_rpkm_new
/workdir/users/agk85/CDC/logs3/finals/B314-1_final_map_bwa
/workdir/users/agk85/CDC/logs3/finals/B309-5_final_map_sortbam
/workdir/users/agk85/CDC/logs3/finals/B310-1_final_map_sortbam
/workdir/users/agk85/CDC/logs3/finals/B321-1_final_map_sortbam
/workdir/users/agk85/CDC/logs3/finals/L109-3_final_map_sortbam
/workdir/users/agk85/CDC/logs3/finals/B357-4_final_map_bwa
/workdir/users/agk85/CDC/logs3/finals/B309-5_final_map_rpkm_new
/workdir/users/agk85/CDC/logs3/finals/B310-2_final_map_bwa
/workdir/users/agk85/CDC/logs3/finals/B310-6_final_map_bwa
/workdir/users/agk85/CDC/logs3/finals/B309-4_final_map_bwa
/workdir/users/agk85/CDC/logs3/finals/B314-2_final_map_filter
/workdir/users/agk85/CDC/logs3/finals/US4_final_map_bwa
/workdir/users/agk85/CDC/logs3/finals/B316-3_final_map_filter
/workdir/users/agk85/CDC/logs3/finals/B310-5_final_map_bwa
/workdir/users/agk85/CDC/logs3/finals/B335-3_final_map_filter
/workdir/users/agk85/CDC/logs3/finals/L82-4_final_map_filter
/workdir/users/agk85/CDC/logs3/finals/B316-2_final_map_filter
/workdir/users/agk85/CDC/logs3/finals/B309-5_final_map_filter
/workdir/users/agk85/CDC/logs3/finals/B370-5_final_map_rpkm_new
/workdir/users/agk85/CDC/logs3/finals/B371-6_final_map_sortbam
/workdir/users/agk85/CDC/logs3/finals/B359-3_final_map_sortbam
/workdir/users/agk85/CDC/logs3/finals/B346-3_final_map_filter
/workdir/users/agk85/CDC/logs3/finals/B369-2_final_map_bwa
/workdir/users/agk85/CDC/logs3/finals/B320-5_final_map_rpkm_new
/workdir/users/agk85/CDC/logs3/finals/L93-5_final_map_bwa
/workdir/users/agk85/CDC/logs3/finals/B359-3_final_map_filter
/workdir/users/agk85/CDC/logs3/finals/B369-2_final_map_rpkm_new
/workdir/users/agk85/CDC/logs3/finals/B309-4_final_map_filter
/workdir/users/agk85/CDC/logs3/finals/B331-2_final_map_sortbam
/workdir/users/agk85/CDC/logs3/finals/B329-4_final_map_sortbam
/workdir/users/agk85/CDC/logs3/finals/B313-3_final_map_rpkm_new
/workdir/users/agk85/CDC/logs3/finals/B316-7_final_map_filter
/workdir/users/agk85/CDC/logs3/finals/B320-3_final_map_filter
/workdir/users/agk85/CDC/logs3/finals/B352-4_final_map_sortbam
/workdir/users/agk85/CDC/logs3/finals/US4_final_map_filter
/workdir/users/agk85/CDC/logs3/finals/L109-4_final_map_sortbam
/workdir/users/agk85/CDC/logs3/finals/L92-1_final_map_sortbam
/workdir/users/agk85/CDC/logs3/finals/B331-1_final_map_bwa
/workdir/users/agk85/CDC/logs3/finals/B335-1_final_map_sortbam
/workdir/users/agk85/CDC/logs3/finals/B329-3_final_map_sortbam
/workdir/users/agk85/CDC/logs3/finals/B371-5_final_map_rpkm_new
/workdir/users/agk85/CDC/logs3/finals/B329-3_final_map_bwa
/workdir/users/agk85/CDC/logs3/finals/US3_final_map_sortbam
/workdir/users/agk85/CDC/logs3/finals/B310-4_final_map_rpkm_new
/workdir/users/agk85/CDC/logs3/finals/B369-2_final_map_filter
/workdir/users/agk85/CDC/logs3/finals/B314-4_final_map_rpkm_new
/workdir/users/agk85/CDC/logs3/finals/B335-2_final_map_filter
/workdir/users/agk85/CDC/logs3/finals/B369-3_final_map_bwa
/workdir/users/agk85/CDC/logs3/finals/B309-3_final_map_bwa
/workdir/users/agk85/CDC/logs3/finals/B357-3_final_map_filter
/workdir/users/agk85/CDC/logs3/finals/L93-5_final_map_rpkm_new
/workdir/users/agk85/CDC/logs3/finals/B309-1_final_map_rpkm_new
/workdir/users/agk85/CDC/logs3/finals/L93-4_final_map_bwa
/workdir/users/agk85/CDC/logs3/finals/B352-5_final_map_bwa
/workdir/users/agk85/CDC/logs3/finals/L93-5_final_map_filter
/workdir/users/agk85/CDC/logs3/finals/B335-3_final_map_bwa
/workdir/users/agk85/CDC/logs3/finals/L92-2_final_map_filter
/workdir/users/agk85/CDC/logs3/finals/B352-5_final_map_sortbam
/workdir/users/agk85/CDC/logs3/finals/B309-1_final_map_sortbam
/workdir/users/agk85/CDC/logs3/finals/B357-2_final_map_rpkm_new
/workdir/users/agk85/CDC/logs3/finals/L93-6_final_map_filter
/workdir/users/agk85/CDC/logs3/finals/B370-2_final_map_sortbam
/workdir/users/agk85/CDC/logs3/finals/B370-2_final_map_filter
/workdir/users/agk85/CDC/logs3/finals/B359-4_final_map_bwa
/workdir/users/agk85/CDC/logs3/finals/B321-1_final_map_bwa
/workdir/users/agk85/CDC/logs3/finals/B316-6_final_map_bwa
/workdir/users/agk85/CDC/logs3/finals/B371-6_final_map_bwa
/workdir/users/agk85/CDC/logs3/finals/L109-4_final_map_filter
/workdir/users/agk85/CDC/logs3/finals/B314-4_final_map_sortbam
/workdir/users/agk85/CDC/logs3/finals/B309-3_final_map_filter
/workdir/users/agk85/CDC/logs3/finals/B316-5_final_map_bwa
/workdir/users/agk85/CDC/logs3/finals/L109-3_final_map_filter
/workdir/users/agk85/CDC/logs3/finals/B313-1_final_map_sortbam
/workdir/users/agk85/CDC/logs3/finals/B320-1_final_map_bwa
/workdir/users/agk85/CDC/logs3/finals/B316-6_final_map_filter
/workdir/users/agk85/CDC/logs3/finals/B357-6_final_map_bwa
/workdir/users/agk85/CDC/logs3/finals/B357-5_final_map_sortbam
/workdir/users/agk85/CDC/logs3/finals/L92-1_final_map_bwa
/workdir/users/agk85/CDC/logs3/finals/B316-4_final_map_rpkm_new
/workdir/users/agk85/CDC/logs3/finals/B314-3_final_map_filter
/workdir/users/agk85/CDC/logs3/finals/B357-6_final_map_rpkm_new
/workdir/users/agk85/CDC/logs3/finals/B316-2_final_map_rpkm_new
/workdir/users/agk85/CDC/logs3/finals/B352-1_final_map_filter
/workdir/users/agk85/CDC/logs3/finals/B357-4_final_map_sortbam
/workdir/users/agk85/CDC/logs3/finals/B352-5_final_map_rpkm_new
/workdir/users/agk85/CDC/logs3/finals/B371-3_final_map_bwa
/workdir/users/agk85/CDC/logs3/finals/B309-3_final_map_sortbam
/workdir/users/agk85/CDC/logs3/finals/B357-5_final_map_rpkm_new
/workdir/users/agk85/CDC/logs3/finals/B313-2_final_map_bwa
/workdir/users/agk85/CDC/logs3/finals/B335-3_final_map_sortbam
/workdir/users/agk85/CDC/logs3/finals/B369-4_final_map_rpkm_new
/workdir/users/agk85/CDC/logs3/finals/L82-4_final_map_sortbam
/workdir/users/agk85/CDC/logs3/finals/L93-6_final_map_bwa
/workdir/users/agk85/CDC/logs3/finals/B313-4_final_map_filter
/workdir/users/agk85/CDC/logs3/finals/B314-4_final_map_bwa
/workdir/users/agk85/CDC/logs3/finals/B310-3_final_map_filter
/workdir/users/agk85/CDC/logs3/finals/B359-2_final_map_filter
/workdir/users/agk85/CDC/logs3/finals/B321-2_final_map_filter
/workdir/users/agk85/CDC/logs3/finals/B370-3_final_map_bwa
/workdir/users/agk85/CDC/logs3/finals/B321-2_final_map_rpkm_new
/workdir/users/agk85/CDC/logs3/finals/B310-2_final_map_sortbam
/workdir/users/agk85/CDC/logs3/finals/B331-3_final_map_sortbam
/workdir/users/agk85/CDC/logs3/finals/B310-5_final_map_sortbam
/workdir/users/agk85/CDC/logs3/finals/B329-1_final_map_bwa
/workdir/users/agk85/CDC/logs3/finals/B329-1_final_map_sortbam
/workdir/users/agk85/CDC/logs3/finals/B346-4_final_map_sortbam
/workdir/users/agk85/CDC/logs3/finals/B316-3_final_map_bwa
/workdir/users/agk85/CDC/logs3/finals/L82-1_final_map_sortbam
/workdir/users/agk85/CDC/logs3/finals/B314-2_final_map_sortbam
/workdir/users/agk85/CDC/logs3/finals/B331-4_final_map_filter
/workdir/users/agk85/CDC/logs3/finals/B335-2_final_map_rpkm_new
/workdir/users/agk85/CDC/logs3/finals/B371-4_final_map_filter
/workdir/users/agk85/CDC/logs3/finals/L109-4_final_map_bwa
/workdir/users/agk85/CDC/logs3/finals/B329-4_final_map_filter
/workdir/users/agk85/CDC/logs3/finals/B321-3_final_map_filter
/workdir/users/agk85/CDC/logs3/finals/B309-2_final_map_sortbam
/workdir/users/agk85/CDC/logs3/finals/B346-2_final_map_bwa
/workdir/users/agk85/CDC/logs3/finals/B331-3_final_map_bwa
/workdir/users/agk85/CDC/logs3/finals/B359-2_final_map_sortbam
/workdir/users/agk85/CDC/logs3/finals/B329-1_final_map_rpkm_new
/workdir/users/agk85/CDC/logs3/finals/B320-2_final_map_sortbam
/workdir/users/agk85/CDC/logs3/finals/B320-4_final_map_bwa
/workdir/users/agk85/CDC/logs3/finals/B369-1_final_map_sortbam
/workdir/users/agk85/CDC/logs3/finals/B357-5_final_map_filter
/workdir/users/agk85/CDC/logs3/finals/B331-2_final_map_filter
/workdir/users/agk85/CDC/logs3/finals/B371-5_final_map_sortbam
/workdir/users/agk85/CDC/logs3/finals/B357-6_final_map_filter
/workdir/users/agk85/CDC/logs3/finals/B320-3_final_map_sortbam
/workdir/users/agk85/CDC/logs3/finals/B352-1_final_map_rpkm_new
/workdir/users/agk85/CDC/logs3/finals/L82-3_final_map_filter
/workdir/users/agk85/CDC/logs3/finals/B331-4_final_map_sortbam
/workdir/users/agk85/CDC/logs3/finals/B313-1_final_map_bwa
/workdir/users/agk85/CDC/logs3/finals/B316-6_final_map_rpkm_new
/workdir/users/agk85/CDC/logs3/finals/L82-2_final_map_filter
/workdir/users/agk85/CDC/logs3/finals/B335-1_final_map_filter
/workdir/users/agk85/CDC/logs3/finals/B370-1_final_map_filter
/workdir/users/agk85/CDC/logs3/finals/B371-3_final_map_sortbam
/workdir/users/agk85/CDC/logs3/finals/B371-3_final_map_rpkm_new
/workdir/users/agk85/CDC/logs3/finals/B352-1_final_map_bwa
/workdir/users/agk85/CDC/logs3/finals/B371-4_final_map_sortbam
/workdir/users/agk85/CDC/logs3/finals/B310-2_final_map_rpkm_new
/workdir/users/agk85/CDC/logs3/finals/B369-1_final_map_filter
/workdir/users/agk85/CDC/logs3/finals/B310-1_final_map_bwa
/workdir/users/agk85/CDC/logs3/finals/B320-3_final_map_rpkm_new
/workdir/users/agk85/CDC/logs3/finals/B316-7_final_map_rpkm_new
/workdir/users/agk85/CDC/logs3/finals/B326-2_final_map_rpkm_new
/workdir/users/agk85/CDC/logs3/finals/L93-1_final_map_filter
/workdir/users/agk85/CDC/logs3/finals/B371-5_final_map_bwa
/workdir/users/agk85/CDC/logs3/finals/B335-1_final_map_bwa
/workdir/users/agk85/CDC/logs3/finals/B320-4_final_map_sortbam
/workdir/users/agk85/CDC/logs3/finals/B370-3_final_map_rpkm_new
/workdir/users/agk85/CDC/logs3/finals/B320-5_final_map_bwa
/workdir/users/agk85/CDC/logs3/finals/L92-1_final_map_rpkm_new
/workdir/users/agk85/CDC/logs3/finals/B357-1_final_map_filter
/workdir/users/agk85/CDC/logs3/finals/B370-5_final_map_sortbam
/workdir/users/agk85/CDC/logs3/finals/L82-4_final_map_rpkm_new
/workdir/users/agk85/CDC/logs3/finals/US4_final_map_sortbam
/workdir/users/agk85/CDC/logs3/finals/B359-1_final_map_filter
/workdir/users/agk85/CDC/logs3/finals/B309-4_final_map_sortbam
/workdir/users/agk85/CDC/logs3/finals/B310-4_final_map_filter
/workdir/users/agk85/CDC/logs3/finals/B321-3_final_map_rpkm_new
/workdir/users/agk85/CDC/logs3/finals/B314-1_final_map_rpkm_new
/workdir/users/agk85/CDC/logs3/finals/B316-1_final_map_sortbam
/workdir/users/agk85/CDC/logs3/finals/B316-1_final_map_filter
/workdir/users/agk85/CDC/logs3/finals/B309-1_final_map_bwa
/workdir/users/agk85/CDC/logs3/finals/L93-5_final_map_sortbam
/workdir/users/agk85/CDC/logs3/finals/B313-4_final_map_sortbam
/workdir/users/agk85/CDC/logs3/finals/B309-2_final_map_filter
/workdir/users/agk85/CDC/logs3/finals/B359-1_final_map_bwa
/workdir/users/agk85/CDC/logs3/finals/B370-2_final_map_rpkm_new
/workdir/users/agk85/CDC/logs3/finals/B357-3_final_map_sortbam
/workdir/users/agk85/CDC/logs3/finals/B321-1_final_map_rpkm_new
/workdir/users/agk85/CDC/logs3/finals/B346-3_final_map_rpkm_new
/workdir/users/agk85/CDC/logs3/finals/B370-1_final_map_bwa
/workdir/users/agk85/CDC/logs3/finals/L82-3_final_map_rpkm_new
/workdir/users/agk85/CDC/logs3/finals/B352-3_final_map_bwa
/workdir/users/agk85/CDC/logs3/finals/B357-3_final_map_bwa
/workdir/users/agk85/CDC/logs3/finals/B370-1_final_map_sortbam
/workdir/users/agk85/CDC/logs3/finals/B329-4_final_map_rpkm_new
/workdir/users/agk85/CDC/logs3/finals/B370-4_final_map_rpkm_new
/workdir/users/agk85/CDC/logs3/finals/B310-5_final_map_filter
/workdir/users/agk85/CDC/logs3/finals/L93-6_final_map_sortbam
/workdir/users/agk85/CDC/logs3/finals/B331-4_final_map_bwa
/workdir/users/agk85/CDC/logs3/finals/B371-6_final_map_rpkm_new
/workdir/users/agk85/CDC/logs3/finals/B316-5_final_map_rpkm_new
/workdir/users/agk85/CDC/logs3/finals/B359-2_final_map_bwa
/workdir/users/agk85/CDC/logs3/finals/B369-3_final_map_sortbam
/workdir/users/agk85/CDC/logs3/finals/B321-1_final_map_filter
/workdir/users/agk85/CDC/logs3/finals/B357-5_final_map_bwa
/workdir/users/agk85/CDC/logs3/finals/B313-2_final_map_filter
/workdir/users/agk85/CDC/logs3/finals/L82-1_final_map_filter
/workdir/users/agk85/CDC/logs3/finals/B329-2_final_map_bwa
/workdir/users/agk85/CDC/logs3/finals/B313-4_final_map_rpkm_new
/workdir/users/agk85/CDC/logs3/finals/B314-1_final_map_sortbam
/workdir/users/agk85/CDC/logs3/finals/B370-2_final_map_bwa
/workdir/users/agk85/CDC/logs3/finals/B357-4_final_map_filter
/workdir/users/agk85/CDC/logs3/finals/US3_final_map_rpkm_new
/workdir/users/agk85/CDC/logs3/finals/L82-3_final_map_bwa
/workdir/users/agk85/CDC/logs3/finals/B359-4_final_map_rpkm_new
/workdir/users/agk85/CDC/logs3/finals/B371-1_final_map_rpkm_new
/workdir/users/agk85/CDC/logs3/finals/B310-1_final_map_filter
/workdir/users/agk85/CDC/logs3/finals/L93-1_final_map_bwa
/workdir/users/agk85/CDC/logs3/finals/B309-3_final_map_rpkm_new
/workdir/users/agk85/CDC/logs3/finals/B357-1_final_map_sortbam
/workdir/users/agk85/CDC/logs3/finals/B321-4_final_map_rpkm_new
/workdir/users/agk85/CDC/logs3/finals/B313-1_final_map_rpkm_new
/workdir/users/agk85/CDC/logs3/finals/B331-1_final_map_sortbam
/workdir/users/agk85/CDC/logs3/finals/B369-1_final_map_rpkm_new
/workdir/users/agk85/CDC/logs3/finals/B314-2_final_map_rpkm_new
/workdir/users/agk85/CDC/logs3/finals/B359-4_final_map_sortbam
/workdir/users/agk85/CDC/logs3/finals/B310-6_final_map_rpkm_new
/workdir/users/agk85/CDC/logs3/finals/B357-2_final_map_sortbam
/workdir/users/agk85/CDC/logs3/finals/B369-3_final_map_rpkm_new
/workdir/users/agk85/CDC/logs3/finals/B314-2_final_map_bwa
/workdir/users/agk85/CDC/logs3/finals/L109-2_final_map_bwa
/workdir/users/agk85/CDC/logs3/finals/L92-2_final_map_rpkm_new
/workdir/users/agk85/CDC/logs3/finals/B310-3_final_map_sortbam
/workdir/users/agk85/CDC/logs3/finals/B371-3_final_map_filter
/workdir/users/agk85/CDC/logs3/finals/L109-2_final_map_rpkm_new
/workdir/users/agk85/CDC/logs3/finals/B346-4_final_map_rpkm_new
/workdir/users/agk85/CDC/logs3/finals/US3_final_map_filter
/workdir/users/agk85/CDC/logs3/finals/B335-2_final_map_bwa
/workdir/users/agk85/CDC/logs3/finals/B352-3_final_map_rpkm_new
/workdir/users/agk85/CDC/logs3/finals/B352-4_final_map_filter
/workdir/users/agk85/CDC/logs3/finals/B371-1_final_map_filter
/workdir/users/agk85/CDC/logs3/finals/B352-3_final_map_sortbam
/workdir/users/agk85/CDC/logs3/finals/L82-3_final_map_sortbam
/workdir/users/agk85/CDC/logs3/finals/B320-3_final_map_bwa
/workdir/users/agk85/CDC/logs3/finals/B357-1_final_map_rpkm_new
/workdir/users/agk85/CDC/logs3/finals/L109-1_final_map_rpkm_new
/workdir/users/agk85/CDC/logs3/finals/L109-3_final_map_bwa
/workdir/users/agk85/CDC/logs3/finals/B310-1_final_map_rpkm_new
/workdir/users/agk85/CDC/logs3/finals/L92-2_final_map_bwa
/workdir/users/agk85/CDC/logs3/finals/L109-2_final_map_filter
/workdir/users/agk85/CDC/logs3/finals/B359-4_final_map_filter
/workdir/users/agk85/CDC/logs3/finals/B359-2_final_map_rpkm_new
/workdir/users/agk85/CDC/logs3/finals/B309-1_final_map_filter
/workdir/users/agk85/CDC/logs3/finals/B357-4_final_map_rpkm_new
/workdir/users/agk85/CDC/logs3/finals/B369-2_final_map_sortbam
/workdir/users/agk85/CDC/logs3/finals/B371-6_final_map_filter
/workdir/users/agk85/CDC/logs3/finals/B321-4_final_map_sortbam
/workdir/users/agk85/CDC/logs3/finals/B335-2_final_map_sortbam
/workdir/users/agk85/CDC/logs3/finals/B352-5_final_map_filter
/workdir/users/agk85/CDC/logs3/finals/B357-2_final_map_filter
/workdir/users/agk85/CDC/logs3/finals/B321-2_final_map_sortbam
/workdir/users/agk85/CDC/logs3/finals/B352-4_final_map_rpkm_new
/workdir/users/agk85/CDC/logs3/finals/L109-4_final_map_rpkm_new
/workdir/users/agk85/CDC/logs3/finals/B369-3_final_map_filter
/workdir/users/agk85/CDC/logs3/finals/B357-1_final_map_bwa
/workdir/users/agk85/CDC/logs3/finals/B310-6_final_map_sortbam
/workdir/users/agk85/CDC/logs3/finals/B352-4_final_map_bwa
/workdir/users/agk85/CDC/logs3/finals/B320-1_final_map_rpkm_new
/workdir/users/agk85/CDC/logs3/finals/B313-4_final_map_bwa
/workdir/users/agk85/CDC/logs3/finals/B320-5_final_map_sortbam
/workdir/users/agk85/CDC/logs3/finals/B335-3_final_map_rpkm_new
/workdir/users/agk85/CDC/logs3/finals/B329-1_final_map_filter
/workdir/users/agk85/CDC/logs3/finals/B316-5_final_map_filter
/workdir/users/agk85/CDC/logs3/finals/B320-1_final_map_sortbam
/workdir/users/agk85/CDC/logs3/finals/B321-3_final_map_bwa
/workdir/users/agk85/CDC/logs3/finals/B316-1_final_map_bwa
/workdir/users/agk85/CDC/logs3/finals/B309-2_final_map_rpkm_new
/workdir/users/agk85/CDC/logs3/finals/B346-2_final_map_rpkm_new
/workdir/users/agk85/CDC/logs3/finals/B329-4_final_map_bwa
/workdir/users/agk85/CDC/logs3/finals/B314-1_final_map_filter
/workdir/users/agk85/CDC/logs3/finals/L82-4_final_map_bwa
/workdir/users/agk85/CDC/logs3/finals/B314-3_final_map_bwa
/workdir/users/agk85/CDC/logs3/finals/B310-4_final_map_sortbam
/workdir/users/agk85/CDC/logs3/finals/L82-2_final_map_bwa
/workdir/users/agk85/CDC/logs3/finals/B370-4_final_map_filter
/workdir/users/agk85/CDC/logs3/finals/B314-3_final_map_rpkm_new
/workdir/users/agk85/CDC/logs3/finals/B371-1_final_map_bwa
/workdir/users/agk85/CDC/logs3/finals/B331-2_final_map_bwa
/workdir/users/agk85/CDC/logs3/finals/L82-2_final_map_rpkm_new
/workdir/users/agk85/CDC/logs3/finals/L93-1_final_map_sortbam
/workdir/users/agk85/CDC/logs3/finals/L82-1_final_map_rpkm_new
/workdir/users/agk85/CDC/logs3/finals/B320-5_final_map_filter
/workdir/users/agk85/CDC/logs3/finals/B316-3_final_map_rpkm_new
/workdir/users/agk85/CDC/logs3/finals/B309-5_final_map_bwa
/workdir/users/agk85/CDC/logs3/finals/L109-1_final_map_filter
/workdir/users/agk85/CDC/logs3/finals/B313-2_final_map_sortbam
/workdir/users/agk85/CDC/logs3/finals/B369-1_final_map_bwa
/workdir/users/agk85/CDC/logs3/finals/B310-5_final_map_rpkm_new
/workdir/users/agk85/CDC/logs3/finals/B370-5_final_map_bwa
/workdir/users/agk85/CDC/logs3/finals/B357-3_final_map_rpkm_new
/workdir/users/agk85/CDC/logs3/finals/B329-2_final_map_rpkm_new
/workdir/users/agk85/CDC/logs3/finals/B369-4_final_map_filter
/workdir/users/agk85/CDC/logs3/finals/B316-7_final_map_sortbam
/workdir/users/agk85/CDC/logs3/finals/B329-3_final_map_rpkm_new
/workdir/users/agk85/CDC/logs3/finals/B313-3_final_map_bwa
/workdir/users/agk85/CDC/logs3/finals/B331-3_final_map_rpkm_new
/workdir/users/agk85/CDC/logs3/finals/B357-2_final_map_bwa
/workdir/users/agk85/CDC/logs3/finals/B316-2_final_map_sortbam
/workdir/users/agk85/CDC/logs3/finals/B359-1_final_map_rpkm_new
/workdir/users/agk85/CDC/logs3/finals/B359-1_final_map_sortbam
/workdir/users/agk85/CDC/logs3/finals/B316-1_final_map_rpkm_new
/workdir/users/agk85/CDC/logs3/finals/B314-3_final_map_sortbam
/workdir/users/agk85/CDC/logs3/finals/B321-4_final_map_bwa
/workdir/users/agk85/CDC/logs3/finals/B310-4_final_map_bwa
/workdir/users/agk85/CDC/logs3/finals/B352-3_final_map_filter
/workdir/users/agk85/CDC/logs3/finals/L93-1_final_map_rpkm_new
