Provided cores: 1
Rules claiming more threads will be scaled down.
Unlimited resources: mem_mb
Job counts:
	count	jobs
	1	final
	32	index
	33

Job 24: ---bwaindex

Finished job 24.
1 of 33 steps (3%) done

Job 22: ---bwaindex

Finished job 22.
2 of 33 steps (6%) done

Job 20: ---bwaindex

Finished job 20.
3 of 33 steps (9%) done

Job 29: ---bwaindex

Finished job 29.
4 of 33 steps (12%) done

Job 28: ---bwaindex

Finished job 28.
5 of 33 steps (15%) done

Job 2: ---bwaindex

Finished job 2.
6 of 33 steps (18%) done

Job 30: ---bwaindex

Finished job 30.
7 of 33 steps (21%) done

Job 17: ---bwaindex

Finished job 17.
8 of 33 steps (24%) done

Job 23: ---bwaindex

Finished job 23.
9 of 33 steps (27%) done

Job 3: ---bwaindex

Finished job 3.
10 of 33 steps (30%) done

Job 4: ---bwaindex

Finished job 4.
11 of 33 steps (33%) done

Job 12: ---bwaindex

Finished job 12.
12 of 33 steps (36%) done

Job 25: ---bwaindex

Finished job 25.
13 of 33 steps (39%) done

Job 19: ---bwaindex

Finished job 19.
14 of 33 steps (42%) done

Job 16: ---bwaindex

Finished job 16.
15 of 33 steps (45%) done

Job 6: ---bwaindex

Finished job 6.
16 of 33 steps (48%) done

Job 11: ---bwaindex

Finished job 11.
17 of 33 steps (52%) done

Job 13: ---bwaindex

Finished job 13.
18 of 33 steps (55%) done

Job 21: ---bwaindex

Finished job 21.
19 of 33 steps (58%) done

Job 15: ---bwaindex

Finished job 15.
20 of 33 steps (61%) done

Job 10: ---bwaindex

Finished job 10.
21 of 33 steps (64%) done

Job 5: ---bwaindex

Finished job 5.
22 of 33 steps (67%) done

Job 31: ---bwaindex

Finished job 31.
23 of 33 steps (70%) done

Job 9: ---bwaindex

Finished job 9.
24 of 33 steps (73%) done

Job 27: ---bwaindex

Finished job 27.
25 of 33 steps (76%) done

Job 26: ---bwaindex

Finished job 26.
26 of 33 steps (79%) done

Job 8: ---bwaindex

Finished job 8.
27 of 33 steps (82%) done

Job 7: ---bwaindex

Finished job 7.
28 of 33 steps (85%) done

Job 1: ---bwaindex

Finished job 1.
29 of 33 steps (88%) done

Job 18: ---bwaindex

Finished job 18.
30 of 33 steps (91%) done

Job 14: ---bwaindex

Finished job 14.
31 of 33 steps (94%) done

Job 32: ---bwaindex

Finished job 32.
32 of 33 steps (97%) done

localrule final:
    input: /workdir/users/agk85/CDC/logs/finals/B314-3_final_index_scaffold, /workdir/users/agk85/CDC/logs/finals/B314-2_final_index_scaffold, /workdir/users/agk85/CDC/logs/finals/B314-1_final_index_scaffold, /workdir/users/agk85/CDC/logs/finals/B314-4_final_index_scaffold, /workdir/users/agk85/CDC/logs/finals/B316-1_final_index_scaffold, /workdir/users/agk85/CDC/logs/finals/B316-2_final_index_scaffold, /workdir/users/agk85/CDC/logs/finals/B316-3_final_index_scaffold, /workdir/users/agk85/CDC/logs/finals/B316-4_final_index_scaffold, /workdir/users/agk85/CDC/logs/finals/B316-5_final_index_scaffold, /workdir/users/agk85/CDC/logs/finals/B316-6_final_index_scaffold, /workdir/users/agk85/CDC/logs/finals/B316-7_final_index_scaffold, /workdir/users/agk85/CDC/logs/finals/B320-1_final_index_scaffold, /workdir/users/agk85/CDC/logs/finals/B320-2_final_index_scaffold, /workdir/users/agk85/CDC/logs/finals/B320-3_final_index_scaffold, /workdir/users/agk85/CDC/logs/finals/B320-4_final_index_scaffold, /workdir/users/agk85/CDC/logs/finals/B320-5_final_index_scaffold, /workdir/users/agk85/CDC/logs/finals/B331-1_final_index_scaffold, /workdir/users/agk85/CDC/logs/finals/B331-2_final_index_scaffold, /workdir/users/agk85/CDC/logs/finals/B331-3_final_index_scaffold, /workdir/users/agk85/CDC/logs/finals/B331-4_final_index_scaffold, /workdir/users/agk85/CDC/logs/finals/B335-1_final_index_scaffold, /workdir/users/agk85/CDC/logs/finals/B335-2_final_index_scaffold, /workdir/users/agk85/CDC/logs/finals/B335-3_final_index_scaffold, /workdir/users/agk85/CDC/logs/finals/B357-1_final_index_scaffold, /workdir/users/agk85/CDC/logs/finals/B357-2_final_index_scaffold, /workdir/users/agk85/CDC/logs/finals/B357-3_final_index_scaffold, /workdir/users/agk85/CDC/logs/finals/B357-4_final_index_scaffold, /workdir/users/agk85/CDC/logs/finals/B357-5_final_index_scaffold, /workdir/users/agk85/CDC/logs/finals/B357-6_final_index_scaffold, /workdir/users/agk85/CDC/logs/finals/B370-1_final_index_scaffold, /workdir/users/agk85/CDC/logs/finals/B370-2_final_index_scaffold, /workdir/users/agk85/CDC/logs/finals/B370-3_final_index_scaffold
    jobid: 0

Finished job 0.
33 of 33 steps (100%) done
