Building DAG of jobs...
MissingInputException in line 11 of /local/workdir/users/agk85/CDC2/scripts/mapping_with/snake_bwaindex:
Missing input files for rule final:
/workdir/users/agk85/CDC2/mapping_with/references/B320-3_scaffold.sa
/workdir/users/agk85/CDC2/mapping_with/references/B370-3_scaffold.sa
/workdir/users/agk85/CDC2/mapping_with/references/B335-2_scaffold.sa
/workdir/users/agk85/CDC2/mapping_with/references/US3-10_scaffold.sa
/workdir/users/agk85/CDC2/mapping_with/references/B370-5_scaffold.sa
/workdir/users/agk85/CDC2/mapping_with/references/B335-1_scaffold.sa
/workdir/users/agk85/CDC2/mapping_with/references/B357-3_scaffold.sa
/workdir/users/agk85/CDC2/mapping_with/references/US3-12_scaffold.sa
/workdir/users/agk85/CDC2/mapping_with/references/B357-5_scaffold.sa
/workdir/users/agk85/CDC2/mapping_with/references/B314-2_scaffold.sa
/workdir/users/agk85/CDC2/mapping_with/references/B370-4_scaffold.sa
/workdir/users/agk85/CDC2/mapping_with/references/B316-5_scaffold.sa
/workdir/users/agk85/CDC2/mapping_with/references/US3-14_scaffold.sa
/workdir/users/agk85/CDC2/mapping_with/references/B370-2_scaffold.sa
/workdir/users/agk85/CDC2/mapping_with/references/US8-3_scaffold.sa
/workdir/users/agk85/CDC2/mapping_with/references/US8-2_scaffold.sa
/workdir/users/agk85/CDC2/mapping_with/references/B316-3_scaffold.sa
/workdir/users/agk85/CDC2/mapping_with/references/B314-3_scaffold.sa
/workdir/users/agk85/CDC2/mapping_with/references/B316-6_scaffold.sa
/workdir/users/agk85/CDC2/mapping_with/references/B357-1_scaffold.sa
/workdir/users/agk85/CDC2/mapping_with/references/B357-4_scaffold.sa
/workdir/users/agk85/CDC2/mapping_with/references/B320-5_scaffold.sa
/workdir/users/agk85/CDC2/mapping_with/references/US8-1_scaffold.sa
/workdir/users/agk85/CDC2/mapping_with/references/B316-7_scaffold.sa
/workdir/users/agk85/CDC2/mapping_with/references/B357-2_scaffold.sa
/workdir/users/agk85/CDC2/mapping_with/references/B316-4_scaffold.sa
/workdir/users/agk85/CDC2/mapping_with/references/B370-1_scaffold.sa
/workdir/users/agk85/CDC2/mapping_with/references/B316-1_scaffold.sa
/workdir/users/agk85/CDC2/mapping_with/references/US3-8_scaffold.sa
/workdir/users/agk85/CDC2/mapping_with/references/B331-4_scaffold.sa
/workdir/users/agk85/CDC2/mapping_with/references/US8-5_scaffold.sa
/workdir/users/agk85/CDC2/mapping_with/references/B331-1_scaffold.sa
/workdir/users/agk85/CDC2/mapping_with/references/B314-1_scaffold.sa
/workdir/users/agk85/CDC2/mapping_with/references/B331-2_scaffold.sa
/workdir/users/agk85/CDC2/mapping_with/references/B335-3_scaffold.sa
/workdir/users/agk85/CDC2/mapping_with/references/B320-2_scaffold.sa
/workdir/users/agk85/CDC2/mapping_with/references/B316-2_scaffold.sa
/workdir/users/agk85/CDC2/mapping_with/references/US8-4_scaffold.sa
/workdir/users/agk85/CDC2/mapping_with/references/B320-1_scaffold.sa
/workdir/users/agk85/CDC2/mapping_with/references/B357-6_scaffold.sa
/workdir/users/agk85/CDC2/mapping_with/references/B331-3_scaffold.sa
/workdir/users/agk85/CDC2/mapping_with/references/US3-16_scaffold.sa
/workdir/users/agk85/CDC2/mapping_with/references/B320-4_scaffold.sa
/workdir/users/agk85/CDC2/mapping_with/references/B314-4_scaffold.sa
